{"/Users/vinokurovy/Development/regulations-site/regulations/static/regulations/js/unittests/setup.js":{"path":"/Users/vinokurovy/Development/regulations-site/regulations/static/regulations/js/unittests/setup.js","s":{"1":1,"2":1,"3":1,"4":1,"5":1,"6":1,"7":0,"8":0},"b":{"1":[1,0]},"f":{"1":0},"fnMap":{"1":{"name":"(anonymous_1)","line":11,"loc":{"start":{"line":11,"column":19},"end":{"line":11,"column":31}}}},"statementMap":{"1":{"start":{"line":1,"column":0},"end":{"line":12,"column":1}},"2":{"start":{"line":3,"column":2},"end":{"line":3,"column":32}},"3":{"start":{"line":4,"column":2},"end":{"line":4,"column":41}},"4":{"start":{"line":5,"column":2},"end":{"line":5,"column":35}},"5":{"start":{"line":6,"column":2},"end":{"line":6,"column":26}},"6":{"start":{"line":8,"column":2},"end":{"line":8,"column":27}},"7":{"start":{"line":10,"column":2},"end":{"line":10,"column":37}},"8":{"start":{"line":11,"column":2},"end":{"line":11,"column":46}}},"branchMap":{"1":{"line":1,"type":"if","locations":[{"start":{"line":1,"column":0},"end":{"line":1,"column":0}},{"start":{"line":1,"column":0},"end":{"line":1,"column":0}}]}}},"/Users/vinokurovy/Development/regulations-site/regulations/static/regulations/js/source/helpers.js":{"path":"/Users/vinokurovy/Development/regulations-site/regulations/static/regulations/js/source/helpers.js","s":{"1":1,"2":1,"3":1,"4":0,"5":0,"6":0,"7":0,"8":0,"9":0,"10":0,"11":0,"12":0,"13":0,"14":0,"15":0,"16":0,"17":0,"18":0,"19":1,"20":4,"21":2,"22":2,"23":10,"24":4,"25":6,"26":3,"27":3,"28":13,"29":43,"30":43,"31":43,"32":43,"33":43,"34":43,"35":43,"36":2,"37":2,"38":41,"39":2,"40":2,"41":2,"42":2,"43":41,"44":41,"45":5,"46":5,"47":36,"48":12,"49":29,"50":5,"51":5,"52":29,"53":1,"54":28,"55":1,"56":27,"57":62,"58":3,"59":59,"60":24,"61":35,"62":35,"63":24,"64":10,"65":10,"66":9,"67":1,"68":9,"69":1,"70":8,"71":8,"72":5,"73":1,"74":4,"75":3,"76":29,"77":6,"78":6,"79":6,"80":6,"81":5,"82":5,"83":6,"84":7,"85":7,"86":7,"87":7,"88":1,"89":6,"90":1,"91":5,"92":9,"93":9,"94":9,"95":9,"96":1,"97":8,"98":3,"99":5,"100":2,"101":2,"102":1,"103":2,"104":0,"105":0,"106":0,"107":0,"108":0,"109":0,"110":0,"111":0,"112":0,"113":0,"114":0},"b":{"1":[0,1],"2":[0,0],"3":[0,0],"4":[0,0],"5":[0,0],"6":[0,0],"7":[0,0],"8":[0,0],"9":[2,2],"10":[4,4],"11":[4,6],"12":[3,3],"13":[2,41],"14":[2,39],"15":[2,0],"16":[2,2],"17":[5,36],"18":[12,24],"19":[5,24],"20":[1,28],"21":[1,27],"22":[28,20],"23":[3,59],"24":[24,35],"25":[9,1],"26":[1,8],"27":[5,3],"28":[1,4],"29":[29,6,2],"30":[6,5],"31":[5,1],"32":[6,3],"33":[5,0],"34":[7,0],"35":[1,6],"36":[1,5],"37":[9,0],"38":[1,8],"39":[3,5],"40":[8,4],"41":[1,1],"42":[2,2],"43":[0,0]},"f":{"1":0,"2":4,"3":10,"4":13,"5":43,"6":10,"7":29,"8":6,"9":7,"10":9,"11":2,"12":0,"13":0,"14":0},"fnMap":{"1":{"name":"(anonymous_1)","line":10,"loc":{"start":{"line":10,"column":28},"end":{"line":10,"column":64}}},"2":{"name":"(anonymous_2)","line":41,"loc":{"start":{"line":41,"column":16},"end":{"line":41,"column":30}}},"3":{"name":"(anonymous_3)","line":53,"loc":{"start":{"line":53,"column":14},"end":{"line":53,"column":36}}},"4":{"name":"(anonymous_4)","line":70,"loc":{"start":{"line":70,"column":16},"end":{"line":70,"column":39}}},"5":{"name":"(anonymous_5)","line":77,"loc":{"start":{"line":77,"column":13},"end":{"line":77,"column":26}}},"6":{"name":"(anonymous_6)","line":151,"loc":{"start":{"line":151,"column":21},"end":{"line":151,"column":34}}},"7":{"name":"(anonymous_7)","line":209,"loc":{"start":{"line":209,"column":17},"end":{"line":209,"column":43}}},"8":{"name":"(anonymous_8)","line":218,"loc":{"start":{"line":218,"column":21},"end":{"line":218,"column":63}}},"9":{"name":"(anonymous_9)","line":231,"loc":{"start":{"line":231,"column":18},"end":{"line":231,"column":31}}},"10":{"name":"(anonymous_10)","line":248,"loc":{"start":{"line":248,"column":16},"end":{"line":248,"column":29}}},"11":{"name":"(anonymous_11)","line":265,"loc":{"start":{"line":265,"column":24},"end":{"line":265,"column":37}}},"12":{"name":"(anonymous_12)","line":279,"loc":{"start":{"line":279,"column":22},"end":{"line":279,"column":49}}},"13":{"name":"(anonymous_13)","line":285,"loc":{"start":{"line":285,"column":14},"end":{"line":285,"column":28}}},"14":{"name":"(anonymous_14)","line":294,"loc":{"start":{"line":294,"column":21},"end":{"line":294,"column":31}}}},"statementMap":{"1":{"start":{"line":3,"column":0},"end":{"line":3,"column":26}},"2":{"start":{"line":4,"column":0},"end":{"line":4,"column":30}},"3":{"start":{"line":9,"column":0},"end":{"line":38,"column":1}},"4":{"start":{"line":10,"column":2},"end":{"line":37,"column":4}},"5":{"start":{"line":11,"column":4},"end":{"line":13,"column":5}},"6":{"start":{"line":12,"column":6},"end":{"line":12,"column":61}},"7":{"start":{"line":15,"column":4},"end":{"line":15,"column":35}},"8":{"start":{"line":17,"column":4},"end":{"line":17,"column":32}},"9":{"start":{"line":19,"column":4},"end":{"line":21,"column":5}},"10":{"start":{"line":20,"column":6},"end":{"line":20,"column":20}},"11":{"start":{"line":23,"column":4},"end":{"line":28,"column":5}},"12":{"start":{"line":24,"column":6},"end":{"line":24,"column":26}},"13":{"start":{"line":25,"column":6},"end":{"line":27,"column":7}},"14":{"start":{"line":26,"column":8},"end":{"line":26,"column":22}},"15":{"start":{"line":30,"column":4},"end":{"line":34,"column":5}},"16":{"start":{"line":31,"column":6},"end":{"line":33,"column":7}},"17":{"start":{"line":32,"column":8},"end":{"line":32,"column":25}},"18":{"start":{"line":36,"column":4},"end":{"line":36,"column":14}},"19":{"start":{"line":40,"column":0},"end":{"line":310,"column":2}},"20":{"start":{"line":42,"column":8},"end":{"line":44,"column":9}},"21":{"start":{"line":43,"column":12},"end":{"line":43,"column":24}},"22":{"start":{"line":45,"column":8},"end":{"line":45,"column":21}},"23":{"start":{"line":54,"column":8},"end":{"line":62,"column":9}},"24":{"start":{"line":55,"column":12},"end":{"line":55,"column":43}},"25":{"start":{"line":57,"column":13},"end":{"line":62,"column":9}},"26":{"start":{"line":58,"column":12},"end":{"line":58,"column":47}},"27":{"start":{"line":61,"column":12},"end":{"line":61,"column":38}},"28":{"start":{"line":71,"column":8},"end":{"line":71,"column":58}},"29":{"start":{"line":78,"column":8},"end":{"line":78,"column":21}},"30":{"start":{"line":79,"column":8},"end":{"line":79,"column":82}},"31":{"start":{"line":80,"column":8},"end":{"line":80,"column":30}},"32":{"start":{"line":81,"column":8},"end":{"line":81,"column":31}},"33":{"start":{"line":82,"column":8},"end":{"line":82,"column":48}},"34":{"start":{"line":83,"column":8},"end":{"line":83,"column":59}},"35":{"start":{"line":86,"column":8},"end":{"line":89,"column":9}},"36":{"start":{"line":87,"column":12},"end":{"line":87,"column":27}},"37":{"start":{"line":88,"column":12},"end":{"line":88,"column":23}},"38":{"start":{"line":92,"column":8},"end":{"line":102,"column":9}},"39":{"start":{"line":93,"column":12},"end":{"line":93,"column":42}},"40":{"start":{"line":97,"column":12},"end":{"line":99,"column":13}},"41":{"start":{"line":98,"column":16},"end":{"line":98,"column":46}},"42":{"start":{"line":101,"column":12},"end":{"line":101,"column":35}},"43":{"start":{"line":105,"column":8},"end":{"line":105,"column":46}},"44":{"start":{"line":106,"column":8},"end":{"line":113,"column":9}},"45":{"start":{"line":107,"column":12},"end":{"line":107,"column":54}},"46":{"start":{"line":108,"column":12},"end":{"line":108,"column":46}},"47":{"start":{"line":111,"column":13},"end":{"line":113,"column":9}},"48":{"start":{"line":112,"column":12},"end":{"line":112,"column":55}},"49":{"start":{"line":115,"column":8},"end":{"line":118,"column":9}},"50":{"start":{"line":116,"column":12},"end":{"line":116,"column":43}},"51":{"start":{"line":117,"column":12},"end":{"line":117,"column":34}},"52":{"start":{"line":121,"column":8},"end":{"line":123,"column":9}},"53":{"start":{"line":122,"column":12},"end":{"line":122,"column":48}},"54":{"start":{"line":126,"column":8},"end":{"line":144,"column":9}},"55":{"start":{"line":127,"column":12},"end":{"line":127,"column":35}},"56":{"start":{"line":130,"column":12},"end":{"line":143,"column":13}},"57":{"start":{"line":132,"column":16},"end":{"line":134,"column":17}},"58":{"start":{"line":133,"column":20},"end":{"line":133,"column":43}},"59":{"start":{"line":137,"column":16},"end":{"line":142,"column":17}},"60":{"start":{"line":138,"column":20},"end":{"line":138,"column":36}},"61":{"start":{"line":140,"column":20},"end":{"line":140,"column":50}},"62":{"start":{"line":141,"column":20},"end":{"line":141,"column":56}},"63":{"start":{"line":146,"column":8},"end":{"line":146,"column":19}},"64":{"start":{"line":152,"column":8},"end":{"line":152,"column":31}},"65":{"start":{"line":154,"column":8},"end":{"line":159,"column":9}},"66":{"start":{"line":155,"column":12},"end":{"line":155,"column":34}},"67":{"start":{"line":158,"column":12},"end":{"line":158,"column":22}},"68":{"start":{"line":167,"column":8},"end":{"line":169,"column":9}},"69":{"start":{"line":168,"column":12},"end":{"line":168,"column":22}},"70":{"start":{"line":171,"column":8},"end":{"line":171,"column":46}},"71":{"start":{"line":173,"column":8},"end":{"line":190,"column":9}},"72":{"start":{"line":175,"column":12},"end":{"line":189,"column":13}},"73":{"start":{"line":176,"column":16},"end":{"line":176,"column":26}},"74":{"start":{"line":188,"column":16},"end":{"line":188,"column":65}},"75":{"start":{"line":195,"column":8},"end":{"line":195,"column":41}},"76":{"start":{"line":210,"column":6},"end":{"line":212,"column":92}},"77":{"start":{"line":219,"column":8},"end":{"line":219,"column":20}},"78":{"start":{"line":220,"column":8},"end":{"line":220,"column":77}},"79":{"start":{"line":221,"column":8},"end":{"line":221,"column":71}},"80":{"start":{"line":222,"column":8},"end":{"line":226,"column":9}},"81":{"start":{"line":223,"column":12},"end":{"line":225,"column":13}},"82":{"start":{"line":224,"column":16},"end":{"line":224,"column":101}},"83":{"start":{"line":228,"column":8},"end":{"line":228,"column":23}},"84":{"start":{"line":232,"column":8},"end":{"line":232,"column":18}},"85":{"start":{"line":234,"column":8},"end":{"line":243,"column":9}},"86":{"start":{"line":235,"column":12},"end":{"line":235,"column":45}},"87":{"start":{"line":236,"column":12},"end":{"line":238,"column":13}},"88":{"start":{"line":237,"column":16},"end":{"line":237,"column":29}},"89":{"start":{"line":240,"column":12},"end":{"line":242,"column":13}},"90":{"start":{"line":241,"column":16},"end":{"line":241,"column":28}},"91":{"start":{"line":245,"column":8},"end":{"line":245,"column":21}},"92":{"start":{"line":249,"column":8},"end":{"line":249,"column":18}},"93":{"start":{"line":251,"column":8},"end":{"line":260,"column":9}},"94":{"start":{"line":252,"column":12},"end":{"line":252,"column":45}},"95":{"start":{"line":253,"column":12},"end":{"line":255,"column":13}},"96":{"start":{"line":254,"column":16},"end":{"line":254,"column":29}},"97":{"start":{"line":257,"column":12},"end":{"line":259,"column":13}},"98":{"start":{"line":258,"column":16},"end":{"line":258,"column":28}},"99":{"start":{"line":262,"column":8},"end":{"line":262,"column":21}},"100":{"start":{"line":267,"column":8},"end":{"line":268,"column":31}},"101":{"start":{"line":269,"column":8},"end":{"line":271,"column":9}},"102":{"start":{"line":270,"column":12},"end":{"line":270,"column":30}},"103":{"start":{"line":273,"column":8},"end":{"line":273,"column":21}},"104":{"start":{"line":280,"column":8},"end":{"line":281,"column":43}},"105":{"start":{"line":286,"column":8},"end":{"line":286,"column":45}},"106":{"start":{"line":287,"column":8},"end":{"line":287,"column":21}},"107":{"start":{"line":288,"column":8},"end":{"line":308,"column":10}},"108":{"start":{"line":295,"column":16},"end":{"line":297,"column":47}},"109":{"start":{"line":298,"column":16},"end":{"line":302,"column":17}},"110":{"start":{"line":299,"column":20},"end":{"line":299,"column":46}},"111":{"start":{"line":299,"column":35},"end":{"line":299,"column":44}},"112":{"start":{"line":300,"column":20},"end":{"line":300,"column":42}},"113":{"start":{"line":301,"column":20},"end":{"line":301,"column":37}},"114":{"start":{"line":303,"column":16},"end":{"line":303,"column":27}}},"branchMap":{"1":{"line":9,"type":"if","locations":[{"start":{"line":9,"column":0},"end":{"line":9,"column":0}},{"start":{"line":9,"column":0},"end":{"line":9,"column":0}}]},"2":{"line":11,"type":"if","locations":[{"start":{"line":11,"column":4},"end":{"line":11,"column":4}},{"start":{"line":11,"column":4},"end":{"line":11,"column":4}}]},"3":{"line":11,"type":"binary-expr","locations":[{"start":{"line":11,"column":9},"end":{"line":11,"column":27}},{"start":{"line":11,"column":31},"end":{"line":11,"column":44}}]},"4":{"line":17,"type":"binary-expr","locations":[{"start":{"line":17,"column":16},"end":{"line":17,"column":26}},{"start":{"line":17,"column":30},"end":{"line":17,"column":31}}]},"5":{"line":19,"type":"if","locations":[{"start":{"line":19,"column":4},"end":{"line":19,"column":4}},{"start":{"line":19,"column":4},"end":{"line":19,"column":4}}]},"6":{"line":23,"type":"if","locations":[{"start":{"line":23,"column":4},"end":{"line":23,"column":4}},{"start":{"line":23,"column":4},"end":{"line":23,"column":4}}]},"7":{"line":25,"type":"if","locations":[{"start":{"line":25,"column":6},"end":{"line":25,"column":6}},{"start":{"line":25,"column":6},"end":{"line":25,"column":6}}]},"8":{"line":31,"type":"if","locations":[{"start":{"line":31,"column":6},"end":{"line":31,"column":6}},{"start":{"line":31,"column":6},"end":{"line":31,"column":6}}]},"9":{"line":42,"type":"if","locations":[{"start":{"line":42,"column":8},"end":{"line":42,"column":8}},{"start":{"line":42,"column":8},"end":{"line":42,"column":8}}]},"10":{"line":42,"type":"binary-expr","locations":[{"start":{"line":42,"column":12},"end":{"line":42,"column":34}},{"start":{"line":42,"column":38},"end":{"line":42,"column":61}}]},"11":{"line":54,"type":"if","locations":[{"start":{"line":54,"column":8},"end":{"line":54,"column":8}},{"start":{"line":54,"column":8},"end":{"line":54,"column":8}}]},"12":{"line":57,"type":"if","locations":[{"start":{"line":57,"column":13},"end":{"line":57,"column":13}},{"start":{"line":57,"column":13},"end":{"line":57,"column":13}}]},"13":{"line":86,"type":"if","locations":[{"start":{"line":86,"column":8},"end":{"line":86,"column":8}},{"start":{"line":86,"column":8},"end":{"line":86,"column":8}}]},"14":{"line":92,"type":"if","locations":[{"start":{"line":92,"column":8},"end":{"line":92,"column":8}},{"start":{"line":92,"column":8},"end":{"line":92,"column":8}}]},"15":{"line":97,"type":"if","locations":[{"start":{"line":97,"column":12},"end":{"line":97,"column":12}},{"start":{"line":97,"column":12},"end":{"line":97,"column":12}}]},"16":{"line":97,"type":"binary-expr","locations":[{"start":{"line":97,"column":16},"end":{"line":97,"column":42}},{"start":{"line":97,"column":46},"end":{"line":97,"column":78}}]},"17":{"line":106,"type":"if","locations":[{"start":{"line":106,"column":8},"end":{"line":106,"column":8}},{"start":{"line":106,"column":8},"end":{"line":106,"column":8}}]},"18":{"line":111,"type":"if","locations":[{"start":{"line":111,"column":13},"end":{"line":111,"column":13}},{"start":{"line":111,"column":13},"end":{"line":111,"column":13}}]},"19":{"line":115,"type":"if","locations":[{"start":{"line":115,"column":8},"end":{"line":115,"column":8}},{"start":{"line":115,"column":8},"end":{"line":115,"column":8}}]},"20":{"line":121,"type":"if","locations":[{"start":{"line":121,"column":8},"end":{"line":121,"column":8}},{"start":{"line":121,"column":8},"end":{"line":121,"column":8}}]},"21":{"line":126,"type":"if","locations":[{"start":{"line":126,"column":8},"end":{"line":126,"column":8}},{"start":{"line":126,"column":8},"end":{"line":126,"column":8}}]},"22":{"line":126,"type":"binary-expr","locations":[{"start":{"line":126,"column":12},"end":{"line":126,"column":21}},{"start":{"line":126,"column":25},"end":{"line":126,"column":40}}]},"23":{"line":132,"type":"if","locations":[{"start":{"line":132,"column":16},"end":{"line":132,"column":16}},{"start":{"line":132,"column":16},"end":{"line":132,"column":16}}]},"24":{"line":137,"type":"if","locations":[{"start":{"line":137,"column":16},"end":{"line":137,"column":16}},{"start":{"line":137,"column":16},"end":{"line":137,"column":16}}]},"25":{"line":154,"type":"if","locations":[{"start":{"line":154,"column":8},"end":{"line":154,"column":8}},{"start":{"line":154,"column":8},"end":{"line":154,"column":8}}]},"26":{"line":167,"type":"if","locations":[{"start":{"line":167,"column":8},"end":{"line":167,"column":8}},{"start":{"line":167,"column":8},"end":{"line":167,"column":8}}]},"27":{"line":173,"type":"if","locations":[{"start":{"line":173,"column":8},"end":{"line":173,"column":8}},{"start":{"line":173,"column":8},"end":{"line":173,"column":8}}]},"28":{"line":175,"type":"if","locations":[{"start":{"line":175,"column":12},"end":{"line":175,"column":12}},{"start":{"line":175,"column":12},"end":{"line":175,"column":12}}]},"29":{"line":210,"type":"binary-expr","locations":[{"start":{"line":210,"column":13},"end":{"line":210,"column":60}},{"start":{"line":211,"column":18},"end":{"line":211,"column":77}},{"start":{"line":212,"column":18},"end":{"line":212,"column":91}}]},"30":{"line":220,"type":"binary-expr","locations":[{"start":{"line":220,"column":25},"end":{"line":220,"column":39}},{"start":{"line":220,"column":43},"end":{"line":220,"column":76}}]},"31":{"line":222,"type":"if","locations":[{"start":{"line":222,"column":8},"end":{"line":222,"column":8}},{"start":{"line":222,"column":8},"end":{"line":222,"column":8}}]},"32":{"line":222,"type":"binary-expr","locations":[{"start":{"line":222,"column":12},"end":{"line":222,"column":20}},{"start":{"line":222,"column":24},"end":{"line":222,"column":50}}]},"33":{"line":223,"type":"if","locations":[{"start":{"line":223,"column":12},"end":{"line":223,"column":12}},{"start":{"line":223,"column":12},"end":{"line":223,"column":12}}]},"34":{"line":234,"type":"if","locations":[{"start":{"line":234,"column":8},"end":{"line":234,"column":8}},{"start":{"line":234,"column":8},"end":{"line":234,"column":8}}]},"35":{"line":236,"type":"if","locations":[{"start":{"line":236,"column":12},"end":{"line":236,"column":12}},{"start":{"line":236,"column":12},"end":{"line":236,"column":12}}]},"36":{"line":240,"type":"if","locations":[{"start":{"line":240,"column":12},"end":{"line":240,"column":12}},{"start":{"line":240,"column":12},"end":{"line":240,"column":12}}]},"37":{"line":251,"type":"if","locations":[{"start":{"line":251,"column":8},"end":{"line":251,"column":8}},{"start":{"line":251,"column":8},"end":{"line":251,"column":8}}]},"38":{"line":253,"type":"if","locations":[{"start":{"line":253,"column":12},"end":{"line":253,"column":12}},{"start":{"line":253,"column":12},"end":{"line":253,"column":12}}]},"39":{"line":257,"type":"if","locations":[{"start":{"line":257,"column":12},"end":{"line":257,"column":12}},{"start":{"line":257,"column":12},"end":{"line":257,"column":12}}]},"40":{"line":257,"type":"binary-expr","locations":[{"start":{"line":257,"column":16},"end":{"line":257,"column":31}},{"start":{"line":257,"column":35},"end":{"line":257,"column":70}}]},"41":{"line":269,"type":"if","locations":[{"start":{"line":269,"column":8},"end":{"line":269,"column":8}},{"start":{"line":269,"column":8},"end":{"line":269,"column":8}}]},"42":{"line":269,"type":"binary-expr","locations":[{"start":{"line":269,"column":12},"end":{"line":269,"column":37}},{"start":{"line":269,"column":41},"end":{"line":269,"column":63}}]},"43":{"line":299,"type":"if","locations":[{"start":{"line":299,"column":20},"end":{"line":299,"column":20}},{"start":{"line":299,"column":20},"end":{"line":299,"column":20}}]}}},"/Users/vinokurovy/Development/regulations-site/regulations/static/regulations/js/source/models/definition-model.js":{"path":"/Users/vinokurovy/Development/regulations-site/regulations/static/regulations/js/source/models/definition-model.js","s":{"1":1,"2":1,"3":1,"4":1,"5":1,"6":1},"b":{},"f":{},"fnMap":{},"statementMap":{"1":{"start":{"line":2,"column":0},"end":{"line":2,"column":30}},"2":{"start":{"line":3,"column":0},"end":{"line":3,"column":35}},"3":{"start":{"line":4,"column":0},"end":{"line":4,"column":40}},"4":{"start":{"line":6,"column":0},"end":{"line":6,"column":48}},"5":{"start":{"line":8,"column":0},"end":{"line":10,"column":3}},"6":{"start":{"line":12,"column":0},"end":{"line":12,"column":33}}},"branchMap":{}},"/Users/vinokurovy/Development/regulations-site/regulations/static/regulations/js/source/models/meta-model.js":{"path":"/Users/vinokurovy/Development/regulations-site/regulations/static/regulations/js/source/models/meta-model.js","s":{"1":1,"2":1,"3":1,"4":1,"5":1,"6":1,"7":1,"8":13,"9":13,"10":12,"11":13,"12":13,"13":13,"14":13,"15":13,"16":19,"17":19,"18":17,"19":15,"20":15,"21":15,"22":15,"23":2,"24":19,"25":24,"26":2,"27":2,"28":2,"29":1,"30":1,"31":2,"32":2,"33":1,"34":2,"35":3,"36":3,"37":3,"38":3,"39":3,"40":0,"41":3,"42":13,"43":13,"44":8,"45":5,"46":13,"47":8,"48":13,"49":13,"50":13,"51":13,"52":1},"b":{"1":[12,1],"2":[13,0],"3":[13,6],"4":[13,13],"5":[17,2],"6":[19,19],"7":[15,2],"8":[15,0],"9":[4,20],"10":[1,1],"11":[1,0],"12":[8,5],"13":[8,5],"14":[13,0]},"f":{"1":13,"2":19,"3":24,"4":2,"5":1,"6":1,"7":3,"8":3,"9":0,"10":13},"fnMap":{"1":{"name":"(anonymous_1)","line":11,"loc":{"start":{"line":11,"column":17},"end":{"line":11,"column":38}}},"2":{"name":"(anonymous_2)","line":34,"loc":{"start":{"line":34,"column":9},"end":{"line":34,"column":43}}},"3":{"name":"(anonymous_3)","line":58,"loc":{"start":{"line":58,"column":9},"end":{"line":58,"column":22}}},"4":{"name":"(anonymous_4)","line":66,"loc":{"start":{"line":66,"column":9},"end":{"line":66,"column":32}}},"5":{"name":"(anonymous_5)","line":74,"loc":{"start":{"line":74,"column":18},"end":{"line":74,"column":37}}},"6":{"name":"(anonymous_6)","line":82,"loc":{"start":{"line":82,"column":22},"end":{"line":82,"column":33}}},"7":{"name":"(anonymous_7)","line":91,"loc":{"start":{"line":91,"column":14},"end":{"line":91,"column":27}}},"8":{"name":"(anonymous_8)","line":99,"loc":{"start":{"line":99,"column":13},"end":{"line":99,"column":26}}},"9":{"name":"(anonymous_9)","line":105,"loc":{"start":{"line":105,"column":21},"end":{"line":105,"column":36}}},"10":{"name":"(anonymous_10)","line":111,"loc":{"start":{"line":111,"column":16},"end":{"line":111,"column":29}}}},"statementMap":{"1":{"start":{"line":2,"column":0},"end":{"line":2,"column":26}},"2":{"start":{"line":3,"column":0},"end":{"line":3,"column":30}},"3":{"start":{"line":4,"column":0},"end":{"line":4,"column":35}},"4":{"start":{"line":5,"column":0},"end":{"line":5,"column":36}},"5":{"start":{"line":6,"column":0},"end":{"line":6,"column":40}},"6":{"start":{"line":7,"column":0},"end":{"line":7,"column":15}},"7":{"start":{"line":9,"column":0},"end":{"line":134,"column":3}},"8":{"start":{"line":12,"column":8},"end":{"line":12,"column":14}},"9":{"start":{"line":14,"column":8},"end":{"line":20,"column":9}},"10":{"start":{"line":15,"column":12},"end":{"line":19,"column":13}},"11":{"start":{"line":16,"column":16},"end":{"line":18,"column":17}},"12":{"start":{"line":17,"column":20},"end":{"line":17,"column":44}},"13":{"start":{"line":24,"column":8},"end":{"line":24,"column":42}},"14":{"start":{"line":29,"column":8},"end":{"line":29,"column":46}},"15":{"start":{"line":31,"column":8},"end":{"line":31,"column":46}},"16":{"start":{"line":35,"column":8},"end":{"line":36,"column":20}},"17":{"start":{"line":38,"column":8},"end":{"line":50,"column":9}},"18":{"start":{"line":39,"column":12},"end":{"line":49,"column":13}},"19":{"start":{"line":40,"column":16},"end":{"line":40,"column":55}},"20":{"start":{"line":41,"column":16},"end":{"line":41,"column":39}},"21":{"start":{"line":43,"column":16},"end":{"line":45,"column":17}},"22":{"start":{"line":44,"column":20},"end":{"line":44,"column":51}},"23":{"start":{"line":48,"column":16},"end":{"line":48,"column":33}},"24":{"start":{"line":51,"column":8},"end":{"line":51,"column":23}},"25":{"start":{"line":59,"column":8},"end":{"line":59,"column":49}},"26":{"start":{"line":67,"column":8},"end":{"line":67,"column":30}},"27":{"start":{"line":71,"column":8},"end":{"line":71,"column":73}},"28":{"start":{"line":74,"column":8},"end":{"line":78,"column":10}},"29":{"start":{"line":75,"column":12},"end":{"line":77,"column":13}},"30":{"start":{"line":76,"column":16},"end":{"line":76,"column":41}},"31":{"start":{"line":80,"column":8},"end":{"line":80,"column":31}},"32":{"start":{"line":82,"column":8},"end":{"line":84,"column":11}},"33":{"start":{"line":83,"column":12},"end":{"line":83,"column":28}},"34":{"start":{"line":86,"column":8},"end":{"line":86,"column":20}},"35":{"start":{"line":92,"column":8},"end":{"line":92,"column":37}},"36":{"start":{"line":94,"column":8},"end":{"line":94,"column":44}},"37":{"start":{"line":96,"column":8},"end":{"line":96,"column":35}},"38":{"start":{"line":100,"column":8},"end":{"line":101,"column":21}},"39":{"start":{"line":103,"column":8},"end":{"line":106,"column":11}},"40":{"start":{"line":105,"column":38},"end":{"line":105,"column":57}},"41":{"start":{"line":108,"column":8},"end":{"line":108,"column":24}},"42":{"start":{"line":112,"column":8},"end":{"line":113,"column":42}},"43":{"start":{"line":115,"column":8},"end":{"line":120,"column":9}},"44":{"start":{"line":116,"column":12},"end":{"line":116,"column":41}},"45":{"start":{"line":119,"column":12},"end":{"line":119,"column":30}},"46":{"start":{"line":122,"column":8},"end":{"line":124,"column":9}},"47":{"start":{"line":123,"column":12},"end":{"line":123,"column":47}},"48":{"start":{"line":126,"column":8},"end":{"line":126,"column":18}},"49":{"start":{"line":128,"column":8},"end":{"line":130,"column":9}},"50":{"start":{"line":129,"column":12},"end":{"line":129,"column":72}},"51":{"start":{"line":132,"column":8},"end":{"line":132,"column":19}},"52":{"start":{"line":136,"column":0},"end":{"line":136,"column":27}}},"branchMap":{"1":{"line":14,"type":"if","locations":[{"start":{"line":14,"column":8},"end":{"line":14,"column":8}},{"start":{"line":14,"column":8},"end":{"line":14,"column":8}}]},"2":{"line":16,"type":"if","locations":[{"start":{"line":16,"column":16},"end":{"line":16,"column":16}},{"start":{"line":16,"column":16},"end":{"line":16,"column":16}}]},"3":{"line":24,"type":"binary-expr","locations":[{"start":{"line":24,"column":23},"end":{"line":24,"column":35}},{"start":{"line":24,"column":39},"end":{"line":24,"column":41}}]},"4":{"line":29,"type":"binary-expr","locations":[{"start":{"line":29,"column":25},"end":{"line":29,"column":39}},{"start":{"line":29,"column":43},"end":{"line":29,"column":45}}]},"5":{"line":38,"type":"if","locations":[{"start":{"line":38,"column":8},"end":{"line":38,"column":8}},{"start":{"line":38,"column":8},"end":{"line":38,"column":8}}]},"6":{"line":38,"type":"binary-expr","locations":[{"start":{"line":38,"column":12},"end":{"line":38,"column":44}},{"start":{"line":38,"column":48},"end":{"line":38,"column":71}}]},"7":{"line":39,"type":"if","locations":[{"start":{"line":39,"column":12},"end":{"line":39,"column":12}},{"start":{"line":39,"column":12},"end":{"line":39,"column":12}}]},"8":{"line":43,"type":"if","locations":[{"start":{"line":43,"column":16},"end":{"line":43,"column":16}},{"start":{"line":43,"column":16},"end":{"line":43,"column":16}}]},"9":{"line":59,"type":"cond-expr","locations":[{"start":{"line":59,"column":36},"end":{"line":59,"column":40}},{"start":{"line":59,"column":43},"end":{"line":59,"column":48}}]},"10":{"line":71,"type":"cond-expr","locations":[{"start":{"line":71,"column":36},"end":{"line":71,"column":53}},{"start":{"line":71,"column":56},"end":{"line":71,"column":72}}]},"11":{"line":75,"type":"if","locations":[{"start":{"line":75,"column":12},"end":{"line":75,"column":12}},{"start":{"line":75,"column":12},"end":{"line":75,"column":12}}]},"12":{"line":115,"type":"if","locations":[{"start":{"line":115,"column":8},"end":{"line":115,"column":8}},{"start":{"line":115,"column":8},"end":{"line":115,"column":8}}]},"13":{"line":122,"type":"if","locations":[{"start":{"line":122,"column":8},"end":{"line":122,"column":8}},{"start":{"line":122,"column":8},"end":{"line":122,"column":8}}]},"14":{"line":128,"type":"if","locations":[{"start":{"line":128,"column":8},"end":{"line":128,"column":8}},{"start":{"line":128,"column":8},"end":{"line":128,"column":8}}]}}},"/Users/vinokurovy/Development/regulations-site/regulations/static/regulations/js/source/resources.js":{"path":"/Users/vinokurovy/Development/regulations-site/regulations/static/regulations/js/source/resources.js","s":{"1":1},"b":{},"f":{},"fnMap":{},"statementMap":{"1":{"start":{"line":6,"column":0},"end":{"line":15,"column":2}}},"branchMap":{}},"/Users/vinokurovy/Development/regulations-site/regulations/static/regulations/js/source/models/diff-model.js":{"path":"/Users/vinokurovy/Development/regulations-site/regulations/static/regulations/js/source/models/diff-model.js","s":{"1":1,"2":1,"3":1,"4":1,"5":1,"6":1},"b":{},"f":{},"fnMap":{},"statementMap":{"1":{"start":{"line":2,"column":0},"end":{"line":2,"column":30}},"2":{"start":{"line":3,"column":0},"end":{"line":3,"column":35}},"3":{"start":{"line":4,"column":0},"end":{"line":4,"column":40}},"4":{"start":{"line":6,"column":0},"end":{"line":6,"column":42}},"5":{"start":{"line":8,"column":0},"end":{"line":10,"column":3}},"6":{"start":{"line":12,"column":0},"end":{"line":12,"column":27}}},"branchMap":{}},"/Users/vinokurovy/Development/regulations-site/regulations/static/regulations/js/source/models/search-model.js":{"path":"/Users/vinokurovy/Development/regulations-site/regulations/static/regulations/js/source/models/search-model.js","s":{"1":1,"2":1,"3":1,"4":1,"5":1,"6":2,"7":2,"8":1,"9":1,"10":2,"11":2,"12":2,"13":2,"14":1},"b":{"1":[1,1],"2":[2,0]},"f":{"1":2},"fnMap":{"1":{"name":"(anonymous_1)","line":11,"loc":{"start":{"line":11,"column":16},"end":{"line":11,"column":29}}}},"statementMap":{"1":{"start":{"line":2,"column":0},"end":{"line":2,"column":30}},"2":{"start":{"line":3,"column":0},"end":{"line":3,"column":35}},"3":{"start":{"line":4,"column":0},"end":{"line":4,"column":40}},"4":{"start":{"line":6,"column":0},"end":{"line":6,"column":44}},"5":{"start":{"line":8,"column":0},"end":{"line":30,"column":3}},"6":{"start":{"line":12,"column":8},"end":{"line":13,"column":42}},"7":{"start":{"line":15,"column":8},"end":{"line":20,"column":9}},"8":{"start":{"line":16,"column":12},"end":{"line":16,"column":41}},"9":{"start":{"line":19,"column":12},"end":{"line":19,"column":30}},"10":{"start":{"line":22,"column":8},"end":{"line":24,"column":9}},"11":{"start":{"line":23,"column":12},"end":{"line":23,"column":47}},"12":{"start":{"line":26,"column":8},"end":{"line":26,"column":18}},"13":{"start":{"line":28,"column":8},"end":{"line":28,"column":19}},"14":{"start":{"line":32,"column":0},"end":{"line":32,"column":29}}},"branchMap":{"1":{"line":15,"type":"if","locations":[{"start":{"line":15,"column":8},"end":{"line":15,"column":8}},{"start":{"line":15,"column":8},"end":{"line":15,"column":8}}]},"2":{"line":22,"type":"if","locations":[{"start":{"line":22,"column":8},"end":{"line":22,"column":8}},{"start":{"line":22,"column":8},"end":{"line":22,"column":8}}]}}},"/Users/vinokurovy/Development/regulations-site/regulations/static/regulations/js/source/models/sidebar-model.js":{"path":"/Users/vinokurovy/Development/regulations-site/regulations/static/regulations/js/source/models/sidebar-model.js","s":{"1":1,"2":1,"3":1,"4":1,"5":1,"6":1},"b":{},"f":{},"fnMap":{},"statementMap":{"1":{"start":{"line":2,"column":0},"end":{"line":2,"column":30}},"2":{"start":{"line":3,"column":0},"end":{"line":3,"column":35}},"3":{"start":{"line":4,"column":0},"end":{"line":4,"column":40}},"4":{"start":{"line":6,"column":0},"end":{"line":6,"column":45}},"5":{"start":{"line":8,"column":0},"end":{"line":10,"column":3}},"6":{"start":{"line":12,"column":0},"end":{"line":12,"column":30}}},"branchMap":{}},"/Users/vinokurovy/Development/regulations-site/regulations/static/regulations/js/source/models/sxs-model.js":{"path":"/Users/vinokurovy/Development/regulations-site/regulations/static/regulations/js/source/models/sxs-model.js","s":{"1":1,"2":1,"3":1,"4":1,"5":1,"6":1},"b":{},"f":{},"fnMap":{},"statementMap":{"1":{"start":{"line":2,"column":0},"end":{"line":2,"column":30}},"2":{"start":{"line":3,"column":0},"end":{"line":3,"column":35}},"3":{"start":{"line":4,"column":0},"end":{"line":4,"column":40}},"4":{"start":{"line":6,"column":0},"end":{"line":6,"column":41}},"5":{"start":{"line":8,"column":0},"end":{"line":10,"column":3}},"6":{"start":{"line":12,"column":0},"end":{"line":12,"column":26}}},"branchMap":{}},"/Users/vinokurovy/Development/regulations-site/regulations/static/regulations/js/source/views/header/header-view.js":{"path":"/Users/vinokurovy/Development/regulations-site/regulations/static/regulations/js/source/views/header/header-view.js","s":{"1":1,"2":1,"3":1,"4":1,"5":1,"6":1,"7":1,"8":0,"9":0,"10":0,"11":0,"12":0,"13":1},"b":{"1":[0,0]},"f":{"1":1,"2":0,"3":0,"4":0},"fnMap":{"1":{"name":"(anonymous_1)","line":11,"loc":{"start":{"line":11,"column":16},"end":{"line":11,"column":27}}},"2":{"name":"(anonymous_2)","line":19,"loc":{"start":{"line":19,"column":15},"end":{"line":19,"column":27}}},"3":{"name":"(anonymous_3)","line":28,"loc":{"start":{"line":28,"column":9},"end":{"line":28,"column":36}}},"4":{"name":"(anonymous_4)","line":36,"loc":{"start":{"line":36,"column":20},"end":{"line":36,"column":38}}}},"statementMap":{"1":{"start":{"line":2,"column":0},"end":{"line":2,"column":26}},"2":{"start":{"line":3,"column":0},"end":{"line":3,"column":30}},"3":{"start":{"line":4,"column":0},"end":{"line":4,"column":35}},"4":{"start":{"line":5,"column":0},"end":{"line":5,"column":41}},"5":{"start":{"line":6,"column":0},"end":{"line":6,"column":15}},"6":{"start":{"line":8,"column":0},"end":{"line":42,"column":3}},"7":{"start":{"line":12,"column":8},"end":{"line":12,"column":41}},"8":{"start":{"line":20,"column":8},"end":{"line":20,"column":27}},"9":{"start":{"line":21,"column":8},"end":{"line":21,"column":68}},"10":{"start":{"line":29,"column":8},"end":{"line":31,"column":9}},"11":{"start":{"line":30,"column":12},"end":{"line":30,"column":52}},"12":{"start":{"line":37,"column":8},"end":{"line":40,"column":10}},"13":{"start":{"line":44,"column":0},"end":{"line":44,"column":28}}},"branchMap":{"1":{"line":29,"type":"if","locations":[{"start":{"line":29,"column":8},"end":{"line":29,"column":8}},{"start":{"line":29,"column":8},"end":{"line":29,"column":8}}]}}},"/Users/vinokurovy/Development/regulations-site/regulations/static/regulations/js/source/views/header/sub-head-view.js":{"path":"/Users/vinokurovy/Development/regulations-site/regulations/static/regulations/js/source/views/header/sub-head-view.js","s":{"1":1,"2":1,"3":1,"4":1,"5":1,"6":1,"7":1,"8":9,"9":9,"10":9,"11":9,"12":9,"13":9,"14":9,"15":9,"16":9,"17":9,"18":9,"19":9,"20":29,"21":29,"22":29,"23":1,"24":1,"25":28,"26":1,"27":1,"28":1,"29":1,"30":1,"31":2,"32":2,"33":1,"34":1,"35":0,"36":1},"b":{"1":[1,28]},"f":{"1":9,"2":29,"3":1,"4":1,"5":1,"6":2,"7":1,"8":0},"fnMap":{"1":{"name":"(anonymous_1)","line":12,"loc":{"start":{"line":12,"column":16},"end":{"line":12,"column":27}}},"2":{"name":"(anonymous_2)","line":35,"loc":{"start":{"line":35,"column":17},"end":{"line":35,"column":30}}},"3":{"name":"(anonymous_3)","line":54,"loc":{"start":{"line":54,"column":17},"end":{"line":54,"column":30}}},"4":{"name":"(anonymous_4)","line":58,"loc":{"start":{"line":58,"column":18},"end":{"line":58,"column":40}}},"5":{"name":"(anonymous_5)","line":62,"loc":{"start":{"line":62,"column":16},"end":{"line":62,"column":27}}},"6":{"name":"(anonymous_6)","line":68,"loc":{"start":{"line":68,"column":19},"end":{"line":68,"column":35}}},"7":{"name":"(anonymous_7)","line":73,"loc":{"start":{"line":73,"column":19},"end":{"line":73,"column":30}}},"8":{"name":"(anonymous_8)","line":78,"loc":{"start":{"line":78,"column":11},"end":{"line":78,"column":22}}}},"statementMap":{"1":{"start":{"line":2,"column":0},"end":{"line":2,"column":26}},"2":{"start":{"line":3,"column":0},"end":{"line":3,"column":30}},"3":{"start":{"line":4,"column":0},"end":{"line":4,"column":35}},"4":{"start":{"line":5,"column":0},"end":{"line":5,"column":43}},"5":{"start":{"line":6,"column":0},"end":{"line":6,"column":57}},"6":{"start":{"line":7,"column":0},"end":{"line":7,"column":15}},"7":{"start":{"line":9,"column":0},"end":{"line":81,"column":3}},"8":{"start":{"line":13,"column":8},"end":{"line":13,"column":43}},"9":{"start":{"line":15,"column":8},"end":{"line":15,"column":77}},"10":{"start":{"line":16,"column":8},"end":{"line":16,"column":82}},"11":{"start":{"line":17,"column":8},"end":{"line":17,"column":85}},"12":{"start":{"line":18,"column":8},"end":{"line":18,"column":83}},"13":{"start":{"line":19,"column":8},"end":{"line":19,"column":86}},"14":{"start":{"line":20,"column":8},"end":{"line":20,"column":64}},"15":{"start":{"line":21,"column":8},"end":{"line":21,"column":82}},"16":{"start":{"line":22,"column":8},"end":{"line":22,"column":81}},"17":{"start":{"line":25,"column":8},"end":{"line":25,"column":59}},"18":{"start":{"line":28,"column":8},"end":{"line":28,"column":55}},"19":{"start":{"line":31,"column":8},"end":{"line":31,"column":56}},"20":{"start":{"line":36,"column":8},"end":{"line":36,"column":60}},"21":{"start":{"line":37,"column":8},"end":{"line":37,"column":55}},"22":{"start":{"line":39,"column":8},"end":{"line":47,"column":9}},"23":{"start":{"line":40,"column":12},"end":{"line":45,"column":14}},"24":{"start":{"line":46,"column":12},"end":{"line":46,"column":19}},"25":{"start":{"line":49,"column":8},"end":{"line":49,"column":54}},"26":{"start":{"line":55,"column":6},"end":{"line":55,"column":51}},"27":{"start":{"line":59,"column":8},"end":{"line":59,"column":93}},"28":{"start":{"line":63,"column":8},"end":{"line":63,"column":76}},"29":{"start":{"line":64,"column":8},"end":{"line":64,"column":91}},"30":{"start":{"line":65,"column":8},"end":{"line":65,"column":90}},"31":{"start":{"line":69,"column":8},"end":{"line":69,"column":46}},"32":{"start":{"line":70,"column":8},"end":{"line":70,"column":51}},"33":{"start":{"line":74,"column":8},"end":{"line":74,"column":43}},"34":{"start":{"line":75,"column":8},"end":{"line":75,"column":54}},"35":{"start":{"line":79,"column":8},"end":{"line":79,"column":35}},"36":{"start":{"line":83,"column":0},"end":{"line":83,"column":29}}},"branchMap":{"1":{"line":39,"type":"if","locations":[{"start":{"line":39,"column":8},"end":{"line":39,"column":8}},{"start":{"line":39,"column":8},"end":{"line":39,"column":8}}]}}},"/Users/vinokurovy/Development/regulations-site/regulations/static/regulations/js/source/events/header-events.js":{"path":"/Users/vinokurovy/Development/regulations-site/regulations/static/regulations/js/source/events/header-events.js","s":{"1":1,"2":1,"3":1,"4":1,"5":1,"6":1},"b":{},"f":{},"fnMap":{},"statementMap":{"1":{"start":{"line":2,"column":0},"end":{"line":2,"column":26}},"2":{"start":{"line":3,"column":0},"end":{"line":3,"column":30}},"3":{"start":{"line":4,"column":0},"end":{"line":4,"column":35}},"4":{"start":{"line":5,"column":0},"end":{"line":5,"column":15}},"5":{"start":{"line":7,"column":0},"end":{"line":7,"column":44}},"6":{"start":{"line":8,"column":0},"end":{"line":8,"column":30}}},"branchMap":{}},"/Users/vinokurovy/Development/regulations-site/regulations/static/regulations/js/source/views/main/diff-view.js":{"path":"/Users/vinokurovy/Development/regulations-site/regulations/static/regulations/js/source/views/main/diff-view.js","s":{"1":1,"2":1,"3":1,"4":1,"5":1,"6":1,"7":1,"8":1,"9":1,"10":1,"11":1,"12":1,"13":3,"14":3,"15":3,"16":3,"17":3,"18":3,"19":3,"20":3,"21":3,"22":3,"23":1,"24":1,"25":1,"26":1,"27":4,"28":4,"29":4,"30":4,"31":1},"b":{"1":[3,3],"2":[3,3],"3":[3,0]},"f":{"1":3,"2":1,"3":4},"fnMap":{"1":{"name":"(anonymous_1)","line":15,"loc":{"start":{"line":15,"column":16},"end":{"line":15,"column":27}}},"2":{"name":"(anonymous_2)","line":34,"loc":{"start":{"line":34,"column":19},"end":{"line":34,"column":30}}},"3":{"name":"(anonymous_3)","line":42,"loc":{"start":{"line":42,"column":21},"end":{"line":42,"column":39}}}},"statementMap":{"1":{"start":{"line":2,"column":0},"end":{"line":2,"column":26}},"2":{"start":{"line":3,"column":0},"end":{"line":3,"column":30}},"3":{"start":{"line":4,"column":0},"end":{"line":4,"column":35}},"4":{"start":{"line":5,"column":0},"end":{"line":5,"column":37}},"5":{"start":{"line":6,"column":0},"end":{"line":6,"column":57}},"6":{"start":{"line":7,"column":0},"end":{"line":7,"column":57}},"7":{"start":{"line":8,"column":0},"end":{"line":8,"column":39}},"8":{"start":{"line":9,"column":0},"end":{"line":9,"column":43}},"9":{"start":{"line":10,"column":0},"end":{"line":10,"column":53}},"10":{"start":{"line":11,"column":0},"end":{"line":11,"column":40}},"11":{"start":{"line":12,"column":0},"end":{"line":12,"column":15}},"12":{"start":{"line":14,"column":0},"end":{"line":50,"column":3}},"13":{"start":{"line":16,"column":8},"end":{"line":16,"column":34}},"14":{"start":{"line":17,"column":8},"end":{"line":17,"column":52}},"15":{"start":{"line":18,"column":8},"end":{"line":18,"column":126}},"16":{"start":{"line":19,"column":8},"end":{"line":19,"column":73}},"17":{"start":{"line":21,"column":8},"end":{"line":21,"column":41}},"18":{"start":{"line":23,"column":8},"end":{"line":23,"column":61}},"19":{"start":{"line":25,"column":8},"end":{"line":25,"column":45}},"20":{"start":{"line":26,"column":8},"end":{"line":26,"column":62}},"21":{"start":{"line":28,"column":8},"end":{"line":30,"column":9}},"22":{"start":{"line":29,"column":12},"end":{"line":29,"column":60}},"23":{"start":{"line":35,"column":8},"end":{"line":35,"column":33}},"24":{"start":{"line":36,"column":8},"end":{"line":36,"column":58}},"25":{"start":{"line":37,"column":8},"end":{"line":37,"column":97}},"26":{"start":{"line":38,"column":8},"end":{"line":38,"column":34}},"27":{"start":{"line":43,"column":8},"end":{"line":43,"column":57}},"28":{"start":{"line":44,"column":8},"end":{"line":44,"column":42}},"29":{"start":{"line":45,"column":8},"end":{"line":45,"column":54}},"30":{"start":{"line":47,"column":8},"end":{"line":47,"column":19}},"31":{"start":{"line":52,"column":0},"end":{"line":52,"column":26}}},"branchMap":{"1":{"line":18,"type":"binary-expr","locations":[{"start":{"line":18,"column":28},"end":{"line":18,"column":53}},{"start":{"line":18,"column":57},"end":{"line":18,"column":125}}]},"2":{"line":19,"type":"binary-expr","locations":[{"start":{"line":19,"column":27},"end":{"line":19,"column":51}},{"start":{"line":19,"column":55},"end":{"line":19,"column":72}}]},"3":{"line":28,"type":"if","locations":[{"start":{"line":28,"column":8},"end":{"line":28,"column":8}},{"start":{"line":28,"column":8},"end":{"line":28,"column":8}}]}}},"/Users/vinokurovy/Development/regulations-site/regulations/static/regulations/js/source/router.js":{"path":"/Users/vinokurovy/Development/regulations-site/regulations/static/regulations/js/source/router.js","s":{"1":1,"2":1,"3":1,"4":1,"5":1,"6":1,"7":1,"8":1,"9":0,"10":0,"11":0,"12":0,"13":1,"14":0,"15":0,"16":0,"17":0,"18":0,"19":0,"20":0,"21":0,"22":0,"23":0,"24":0,"25":0,"26":0,"27":0,"28":0,"29":0,"30":0,"31":0,"32":1,"33":1},"b":{"1":[0,1],"2":[0,0],"3":[0,0]},"f":{"1":0,"2":0,"3":0,"4":0,"5":0,"6":0,"7":0,"8":0},"fnMap":{"1":{"name":"(anonymous_1)","line":12,"loc":{"start":{"line":12,"column":17},"end":{"line":12,"column":28}}},"2":{"name":"(anonymous_2)","line":13,"loc":{"start":{"line":13,"column":21},"end":{"line":13,"column":32}}},"3":{"name":"(anonymous_3)","line":14,"loc":{"start":{"line":14,"column":24},"end":{"line":14,"column":35}}},"4":{"name":"(anonymous_4)","line":27,"loc":{"start":{"line":27,"column":21},"end":{"line":27,"column":39}}},"5":{"name":"(anonymous_5)","line":39,"loc":{"start":{"line":39,"column":25},"end":{"line":39,"column":78}}},"6":{"name":"(anonymous_6)","line":51,"loc":{"start":{"line":51,"column":17},"end":{"line":51,"column":52}}},"7":{"name":"(anonymous_7)","line":59,"loc":{"start":{"line":59,"column":27},"end":{"line":59,"column":49}}},"8":{"name":"(anonymous_8)","line":73,"loc":{"start":{"line":73,"column":16},"end":{"line":73,"column":27}}}},"statementMap":{"1":{"start":{"line":2,"column":0},"end":{"line":2,"column":30}},"2":{"start":{"line":3,"column":0},"end":{"line":3,"column":35}},"3":{"start":{"line":4,"column":0},"end":{"line":4,"column":49}},"4":{"start":{"line":5,"column":0},"end":{"line":5,"column":49}},"5":{"start":{"line":6,"column":0},"end":{"line":6,"column":59}},"6":{"start":{"line":7,"column":0},"end":{"line":7,"column":37}},"7":{"start":{"line":9,"column":0},"end":{"line":9,"column":15}},"8":{"start":{"line":11,"column":0},"end":{"line":85,"column":1}},"9":{"start":{"line":12,"column":4},"end":{"line":16,"column":6}},"10":{"start":{"line":13,"column":8},"end":{"line":13,"column":35}},"11":{"start":{"line":14,"column":8},"end":{"line":14,"column":38}},"12":{"start":{"line":15,"column":8},"end":{"line":15,"column":34}},"13":{"start":{"line":19,"column":4},"end":{"line":84,"column":7}},"14":{"start":{"line":28,"column":12},"end":{"line":28,"column":40}},"15":{"start":{"line":31,"column":12},"end":{"line":31,"column":60}},"16":{"start":{"line":34,"column":12},"end":{"line":34,"column":35}},"17":{"start":{"line":36,"column":12},"end":{"line":36,"column":80}},"18":{"start":{"line":40,"column":12},"end":{"line":40,"column":29}},"19":{"start":{"line":42,"column":12},"end":{"line":42,"column":33}},"20":{"start":{"line":43,"column":12},"end":{"line":43,"column":46}},"21":{"start":{"line":44,"column":12},"end":{"line":44,"column":48}},"22":{"start":{"line":45,"column":12},"end":{"line":45,"column":35}},"23":{"start":{"line":46,"column":12},"end":{"line":46,"column":54}},"24":{"start":{"line":48,"column":12},"end":{"line":48,"column":70}},"25":{"start":{"line":52,"column":12},"end":{"line":56,"column":15}},"26":{"start":{"line":60,"column":12},"end":{"line":63,"column":14}},"27":{"start":{"line":66,"column":12},"end":{"line":68,"column":13}},"28":{"start":{"line":67,"column":16},"end":{"line":67,"column":42}},"29":{"start":{"line":70,"column":12},"end":{"line":70,"column":86}},"30":{"start":{"line":74,"column":12},"end":{"line":74,"column":47}},"31":{"start":{"line":76,"column":12},"end":{"line":80,"column":15}},"32":{"start":{"line":87,"column":0},"end":{"line":87,"column":30}},"33":{"start":{"line":88,"column":0},"end":{"line":88,"column":24}}},"branchMap":{"1":{"line":11,"type":"if","locations":[{"start":{"line":11,"column":0},"end":{"line":11,"column":0}},{"start":{"line":11,"column":0},"end":{"line":11,"column":0}}]},"2":{"line":66,"type":"if","locations":[{"start":{"line":66,"column":12},"end":{"line":66,"column":12}},{"start":{"line":66,"column":12},"end":{"line":66,"column":12}}]},"3":{"line":74,"type":"binary-expr","locations":[{"start":{"line":74,"column":23},"end":{"line":74,"column":40}},{"start":{"line":74,"column":44},"end":{"line":74,"column":46}}]}}},"/Users/vinokurovy/Development/regulations-site/regulations/static/regulations/js/source/views/main/main-view.js":{"path":"/Users/vinokurovy/Development/regulations-site/regulations/static/regulations/js/source/views/main/main-view.js","s":{"1":1,"2":1,"3":1,"4":1,"5":1,"6":1,"7":1,"8":1,"9":1,"10":1,"11":1,"12":1,"13":1,"14":1,"15":1,"16":1,"17":1,"18":1,"19":1,"20":1,"21":1,"22":1,"23":3,"24":3,"25":3,"26":0,"27":0,"28":0,"29":0,"30":0,"31":3,"32":3,"33":3,"34":3,"35":3,"36":3,"37":0,"38":3,"39":3,"40":3,"41":3,"42":3,"43":3,"44":3,"45":1,"46":3,"47":0,"48":0,"49":0,"50":3,"51":0,"52":3,"53":3,"54":3,"55":3,"56":3,"57":3,"58":3,"59":0,"60":0,"61":0,"62":0,"63":0,"64":0,"65":0,"66":0,"67":0,"68":0,"69":0,"70":0,"71":0,"72":0,"73":0,"74":0,"75":0,"76":0,"77":0,"78":0,"79":0,"80":0,"81":0,"82":0,"83":0,"84":0,"85":0,"86":0,"87":0,"88":0,"89":5,"90":2,"91":3,"92":0,"93":3,"94":0,"95":0,"96":0,"97":0,"98":0,"99":0,"100":0,"101":0,"102":0,"103":0,"104":0,"105":0,"106":0,"107":0,"108":0,"109":0,"110":0,"111":0,"112":0,"113":0,"114":0,"115":0,"116":0,"117":1},"b":{"1":[0,3],"2":[0,3],"3":[1,2],"4":[0,3],"5":[0,3],"6":[3,0],"7":[3,0],"8":[3,3],"9":[0,0],"10":[0,0],"11":[0,0],"12":[0,0],"13":[0,0],"14":[0,0],"15":[0,0],"16":[0,0],"17":[0,0],"18":[0,0],"19":[2,3],"20":[0,3],"21":[0,0],"22":[0,0],"23":[0,0],"24":[0,0],"25":[0,0]},"f":{"1":3,"2":0,"3":5,"4":0,"5":0,"6":0,"7":0,"8":0},"fnMap":{"1":{"name":"(anonymous_1)","line":27,"loc":{"start":{"line":27,"column":16},"end":{"line":27,"column":27}}},"2":{"name":"(anonymous_2)","line":112,"loc":{"start":{"line":112,"column":16},"end":{"line":112,"column":44}}},"3":{"name":"(anonymous_3)","line":170,"loc":{"start":{"line":170,"column":28},"end":{"line":170,"column":39}}},"4":{"name":"(anonymous_4)","line":180,"loc":{"start":{"line":180,"column":19},"end":{"line":180,"column":32}}},"5":{"name":"(anonymous_5)","line":185,"loc":{"start":{"line":185,"column":18},"end":{"line":185,"column":29}}},"6":{"name":"(anonymous_6)","line":200,"loc":{"start":{"line":200,"column":12},"end":{"line":200,"column":36}}},"7":{"name":"(anonymous_7)","line":228,"loc":{"start":{"line":228,"column":13},"end":{"line":228,"column":24}}},"8":{"name":"(anonymous_8)","line":234,"loc":{"start":{"line":234,"column":12},"end":{"line":234,"column":23}}}},"statementMap":{"1":{"start":{"line":2,"column":0},"end":{"line":2,"column":26}},"2":{"start":{"line":3,"column":0},"end":{"line":3,"column":30}},"3":{"start":{"line":4,"column":0},"end":{"line":4,"column":35}},"4":{"start":{"line":5,"column":0},"end":{"line":5,"column":57}},"5":{"start":{"line":6,"column":0},"end":{"line":6,"column":36}},"6":{"start":{"line":7,"column":0},"end":{"line":7,"column":49}},"7":{"start":{"line":8,"column":0},"end":{"line":8,"column":55}},"8":{"start":{"line":9,"column":0},"end":{"line":9,"column":53}},"9":{"start":{"line":10,"column":0},"end":{"line":10,"column":53}},"10":{"start":{"line":11,"column":0},"end":{"line":11,"column":53}},"11":{"start":{"line":12,"column":0},"end":{"line":12,"column":59}},"12":{"start":{"line":13,"column":0},"end":{"line":13,"column":51}},"13":{"start":{"line":14,"column":0},"end":{"line":14,"column":38}},"14":{"start":{"line":15,"column":0},"end":{"line":15,"column":37}},"15":{"start":{"line":16,"column":0},"end":{"line":16,"column":57}},"16":{"start":{"line":17,"column":0},"end":{"line":17,"column":57}},"17":{"start":{"line":18,"column":0},"end":{"line":18,"column":39}},"18":{"start":{"line":19,"column":0},"end":{"line":19,"column":53}},"19":{"start":{"line":20,"column":0},"end":{"line":20,"column":40}},"20":{"start":{"line":21,"column":0},"end":{"line":21,"column":46}},"21":{"start":{"line":22,"column":0},"end":{"line":22,"column":15}},"22":{"start":{"line":24,"column":0},"end":{"line":240,"column":3}},"23":{"start":{"line":28,"column":8},"end":{"line":28,"column":48}},"24":{"start":{"line":29,"column":8},"end":{"line":29,"column":41}},"25":{"start":{"line":31,"column":8},"end":{"line":37,"column":9}},"26":{"start":{"line":32,"column":12},"end":{"line":32,"column":81}},"27":{"start":{"line":33,"column":12},"end":{"line":33,"column":74}},"28":{"start":{"line":34,"column":12},"end":{"line":34,"column":71}},"29":{"start":{"line":35,"column":12},"end":{"line":35,"column":79}},"30":{"start":{"line":36,"column":12},"end":{"line":36,"column":77}},"31":{"start":{"line":39,"column":8},"end":{"line":40,"column":33}},"32":{"start":{"line":41,"column":8},"end":{"line":41,"column":68}},"33":{"start":{"line":44,"column":8},"end":{"line":44,"column":62}},"34":{"start":{"line":46,"column":8},"end":{"line":46,"column":73}},"35":{"start":{"line":48,"column":8},"end":{"line":48,"column":53}},"36":{"start":{"line":49,"column":8},"end":{"line":52,"column":9}},"37":{"start":{"line":51,"column":12},"end":{"line":51,"column":77}},"38":{"start":{"line":53,"column":8},"end":{"line":53,"column":49}},"39":{"start":{"line":54,"column":8},"end":{"line":54,"column":60}},"40":{"start":{"line":57,"column":8},"end":{"line":57,"column":45}},"41":{"start":{"line":58,"column":8},"end":{"line":58,"column":54}},"42":{"start":{"line":59,"column":8},"end":{"line":59,"column":50}},"43":{"start":{"line":61,"column":8},"end":{"line":61,"column":61}},"44":{"start":{"line":62,"column":8},"end":{"line":65,"column":9}},"45":{"start":{"line":64,"column":12},"end":{"line":64,"column":67}},"46":{"start":{"line":68,"column":8},"end":{"line":72,"column":9}},"47":{"start":{"line":69,"column":12},"end":{"line":69,"column":73}},"48":{"start":{"line":70,"column":12},"end":{"line":70,"column":65}},"49":{"start":{"line":71,"column":12},"end":{"line":71,"column":66}},"50":{"start":{"line":74,"column":8},"end":{"line":76,"column":9}},"51":{"start":{"line":75,"column":12},"end":{"line":75,"column":69}},"52":{"start":{"line":79,"column":8},"end":{"line":79,"column":40}},"53":{"start":{"line":81,"column":8},"end":{"line":86,"column":9}},"54":{"start":{"line":84,"column":12},"end":{"line":84,"column":81}},"55":{"start":{"line":85,"column":12},"end":{"line":85,"column":69}},"56":{"start":{"line":88,"column":8},"end":{"line":91,"column":9}},"57":{"start":{"line":90,"column":12},"end":{"line":90,"column":82}},"58":{"start":{"line":93,"column":8},"end":{"line":93,"column":84}},"59":{"start":{"line":114,"column":8},"end":{"line":117,"column":9}},"60":{"start":{"line":115,"column":12},"end":{"line":115,"column":37}},"61":{"start":{"line":116,"column":12},"end":{"line":116,"column":43}},"62":{"start":{"line":119,"column":8},"end":{"line":119,"column":32}},"63":{"start":{"line":122,"column":8},"end":{"line":124,"column":9}},"64":{"start":{"line":123,"column":12},"end":{"line":123,"column":32}},"65":{"start":{"line":128,"column":8},"end":{"line":130,"column":9}},"66":{"start":{"line":129,"column":12},"end":{"line":129,"column":92}},"67":{"start":{"line":132,"column":8},"end":{"line":135,"column":9}},"68":{"start":{"line":134,"column":12},"end":{"line":134,"column":34}},"69":{"start":{"line":137,"column":8},"end":{"line":137,"column":24}},"70":{"start":{"line":138,"column":8},"end":{"line":138,"column":40}},"71":{"start":{"line":139,"column":8},"end":{"line":139,"column":45}},"72":{"start":{"line":140,"column":8},"end":{"line":140,"column":39}},"73":{"start":{"line":141,"column":8},"end":{"line":141,"column":56}},"74":{"start":{"line":142,"column":8},"end":{"line":142,"column":33}},"75":{"start":{"line":143,"column":8},"end":{"line":143,"column":41}},"76":{"start":{"line":146,"column":8},"end":{"line":152,"column":9}},"77":{"start":{"line":147,"column":12},"end":{"line":147,"column":100}},"78":{"start":{"line":148,"column":12},"end":{"line":148,"column":86}},"79":{"start":{"line":149,"column":12},"end":{"line":151,"column":13}},"80":{"start":{"line":150,"column":16},"end":{"line":150,"column":83}},"81":{"start":{"line":155,"column":8},"end":{"line":157,"column":9}},"82":{"start":{"line":156,"column":12},"end":{"line":156,"column":55}},"83":{"start":{"line":159,"column":8},"end":{"line":159,"column":23}},"84":{"start":{"line":160,"column":8},"end":{"line":160,"column":49}},"85":{"start":{"line":162,"column":8},"end":{"line":165,"column":9}},"86":{"start":{"line":163,"column":12},"end":{"line":163,"column":36}},"87":{"start":{"line":164,"column":12},"end":{"line":164,"column":35}},"88":{"start":{"line":167,"column":8},"end":{"line":167,"column":69}},"89":{"start":{"line":171,"column":8},"end":{"line":176,"column":9}},"90":{"start":{"line":172,"column":12},"end":{"line":172,"column":30}},"91":{"start":{"line":174,"column":13},"end":{"line":176,"column":9}},"92":{"start":{"line":175,"column":12},"end":{"line":175,"column":32}},"93":{"start":{"line":177,"column":8},"end":{"line":177,"column":21}},"94":{"start":{"line":181,"column":8},"end":{"line":181,"column":36}},"95":{"start":{"line":182,"column":8},"end":{"line":182,"column":23}},"96":{"start":{"line":187,"column":8},"end":{"line":188,"column":200}},"97":{"start":{"line":190,"column":8},"end":{"line":190,"column":52}},"98":{"start":{"line":191,"column":8},"end":{"line":191,"column":52}},"99":{"start":{"line":193,"column":8},"end":{"line":193,"column":22}},"100":{"start":{"line":194,"column":8},"end":{"line":194,"column":47}},"101":{"start":{"line":196,"column":8},"end":{"line":196,"column":48}},"102":{"start":{"line":201,"column":8},"end":{"line":201,"column":35}},"103":{"start":{"line":203,"column":8},"end":{"line":205,"column":9}},"104":{"start":{"line":204,"column":12},"end":{"line":204,"column":40}},"105":{"start":{"line":207,"column":8},"end":{"line":207,"column":28}},"106":{"start":{"line":209,"column":8},"end":{"line":209,"column":47}},"107":{"start":{"line":211,"column":8},"end":{"line":214,"column":11}},"108":{"start":{"line":216,"column":8},"end":{"line":221,"column":9}},"109":{"start":{"line":217,"column":12},"end":{"line":217,"column":54}},"110":{"start":{"line":218,"column":12},"end":{"line":220,"column":13}},"111":{"start":{"line":219,"column":16},"end":{"line":219,"column":53}},"112":{"start":{"line":223,"column":8},"end":{"line":223,"column":43}},"113":{"start":{"line":225,"column":8},"end":{"line":225,"column":22}},"114":{"start":{"line":230,"column":8},"end":{"line":230,"column":47}},"115":{"start":{"line":235,"column":8},"end":{"line":235,"column":50}},"116":{"start":{"line":238,"column":8},"end":{"line":238,"column":36}},"117":{"start":{"line":241,"column":0},"end":{"line":241,"column":26}}},"branchMap":{"1":{"line":31,"type":"if","locations":[{"start":{"line":31,"column":8},"end":{"line":31,"column":8}},{"start":{"line":31,"column":8},"end":{"line":31,"column":8}}]},"2":{"line":49,"type":"if","locations":[{"start":{"line":49,"column":8},"end":{"line":49,"column":8}},{"start":{"line":49,"column":8},"end":{"line":49,"column":8}}]},"3":{"line":62,"type":"if","locations":[{"start":{"line":62,"column":8},"end":{"line":62,"column":8}},{"start":{"line":62,"column":8},"end":{"line":62,"column":8}}]},"4":{"line":68,"type":"if","locations":[{"start":{"line":68,"column":8},"end":{"line":68,"column":8}},{"start":{"line":68,"column":8},"end":{"line":68,"column":8}}]},"5":{"line":74,"type":"if","locations":[{"start":{"line":74,"column":8},"end":{"line":74,"column":8}},{"start":{"line":74,"column":8},"end":{"line":74,"column":8}}]},"6":{"line":81,"type":"if","locations":[{"start":{"line":81,"column":8},"end":{"line":81,"column":8}},{"start":{"line":81,"column":8},"end":{"line":81,"column":8}}]},"7":{"line":88,"type":"if","locations":[{"start":{"line":88,"column":8},"end":{"line":88,"column":8}},{"start":{"line":88,"column":8},"end":{"line":88,"column":8}}]},"8":{"line":88,"type":"binary-expr","locations":[{"start":{"line":88,"column":12},"end":{"line":88,"column":28}},{"start":{"line":88,"column":32},"end":{"line":88,"column":85}}]},"9":{"line":114,"type":"if","locations":[{"start":{"line":114,"column":8},"end":{"line":114,"column":8}},{"start":{"line":114,"column":8},"end":{"line":114,"column":8}}]},"10":{"line":122,"type":"if","locations":[{"start":{"line":122,"column":8},"end":{"line":122,"column":8}},{"start":{"line":122,"column":8},"end":{"line":122,"column":8}}]},"11":{"line":128,"type":"if","locations":[{"start":{"line":128,"column":8},"end":{"line":128,"column":8}},{"start":{"line":128,"column":8},"end":{"line":128,"column":8}}]},"12":{"line":132,"type":"if","locations":[{"start":{"line":132,"column":8},"end":{"line":132,"column":8}},{"start":{"line":132,"column":8},"end":{"line":132,"column":8}}]},"13":{"line":146,"type":"if","locations":[{"start":{"line":146,"column":8},"end":{"line":146,"column":8}},{"start":{"line":146,"column":8},"end":{"line":146,"column":8}}]},"14":{"line":147,"type":"binary-expr","locations":[{"start":{"line":147,"column":34},"end":{"line":147,"column":49}},{"start":{"line":147,"column":53},"end":{"line":147,"column":99}}]},"15":{"line":149,"type":"if","locations":[{"start":{"line":149,"column":12},"end":{"line":149,"column":12}},{"start":{"line":149,"column":12},"end":{"line":149,"column":12}}]},"16":{"line":155,"type":"if","locations":[{"start":{"line":155,"column":8},"end":{"line":155,"column":8}},{"start":{"line":155,"column":8},"end":{"line":155,"column":8}}]},"17":{"line":155,"type":"binary-expr","locations":[{"start":{"line":155,"column":12},"end":{"line":155,"column":49}},{"start":{"line":155,"column":53},"end":{"line":155,"column":97}}]},"18":{"line":162,"type":"if","locations":[{"start":{"line":162,"column":8},"end":{"line":162,"column":8}},{"start":{"line":162,"column":8},"end":{"line":162,"column":8}}]},"19":{"line":171,"type":"if","locations":[{"start":{"line":171,"column":8},"end":{"line":171,"column":8}},{"start":{"line":171,"column":8},"end":{"line":171,"column":8}}]},"20":{"line":174,"type":"if","locations":[{"start":{"line":174,"column":13},"end":{"line":174,"column":13}},{"start":{"line":174,"column":13},"end":{"line":174,"column":13}}]},"21":{"line":203,"type":"if","locations":[{"start":{"line":203,"column":8},"end":{"line":203,"column":8}},{"start":{"line":203,"column":8},"end":{"line":203,"column":8}}]},"22":{"line":216,"type":"if","locations":[{"start":{"line":216,"column":8},"end":{"line":216,"column":8}},{"start":{"line":216,"column":8},"end":{"line":216,"column":8}}]},"23":{"line":216,"type":"binary-expr","locations":[{"start":{"line":216,"column":12},"end":{"line":216,"column":19}},{"start":{"line":216,"column":23},"end":{"line":216,"column":64}}]},"24":{"line":218,"type":"if","locations":[{"start":{"line":218,"column":12},"end":{"line":218,"column":12}},{"start":{"line":218,"column":12},"end":{"line":218,"column":12}}]},"25":{"line":223,"type":"binary-expr","locations":[{"start":{"line":223,"column":27},"end":{"line":223,"column":36}},{"start":{"line":223,"column":40},"end":{"line":223,"column":41}}]}}},"/Users/vinokurovy/Development/regulations-site/regulations/static/regulations/js/source/views/main/search-results-view.js":{"path":"/Users/vinokurovy/Development/regulations-site/regulations/static/regulations/js/source/views/main/search-results-view.js","s":{"1":1,"2":1,"3":1,"4":1,"5":1,"6":1,"7":1,"8":1,"9":1,"10":1,"11":1,"12":0,"13":0,"14":0,"15":0,"16":0,"17":0,"18":0,"19":0,"20":0,"21":0,"22":0,"23":0,"24":0,"25":0,"26":0,"27":0,"28":0,"29":0,"30":0,"31":0,"32":0,"33":0,"34":0,"35":0,"36":0,"37":0,"38":0,"39":0,"40":0,"41":0,"42":0,"43":0,"44":0,"45":0,"46":1},"b":{"1":[0,0],"2":[0,0],"3":[0,0],"4":[0,0],"5":[0,0],"6":[0,0],"7":[0,0],"8":[0,0],"9":[0,0]},"f":{"1":0,"2":0,"3":0,"4":0,"5":0,"6":0},"fnMap":{"1":{"name":"(anonymous_1)","line":19,"loc":{"start":{"line":19,"column":16},"end":{"line":19,"column":27}}},"2":{"name":"(anonymous_2)","line":45,"loc":{"start":{"line":45,"column":16},"end":{"line":45,"column":27}}},"3":{"name":"(anonymous_3)","line":49,"loc":{"start":{"line":49,"column":23},"end":{"line":49,"column":41}}},"4":{"name":"(anonymous_4)","line":61,"loc":{"start":{"line":61,"column":12},"end":{"line":61,"column":23}}},"5":{"name":"(anonymous_5)","line":77,"loc":{"start":{"line":77,"column":14},"end":{"line":77,"column":26}}},"6":{"name":"(anonymous_6)","line":90,"loc":{"start":{"line":90,"column":16},"end":{"line":90,"column":28}}}},"statementMap":{"1":{"start":{"line":2,"column":0},"end":{"line":2,"column":26}},"2":{"start":{"line":3,"column":0},"end":{"line":3,"column":30}},"3":{"start":{"line":4,"column":0},"end":{"line":4,"column":35}},"4":{"start":{"line":5,"column":0},"end":{"line":5,"column":58}},"5":{"start":{"line":6,"column":0},"end":{"line":6,"column":37}},"6":{"start":{"line":7,"column":0},"end":{"line":7,"column":57}},"7":{"start":{"line":8,"column":0},"end":{"line":8,"column":53}},"8":{"start":{"line":9,"column":0},"end":{"line":9,"column":57}},"9":{"start":{"line":10,"column":0},"end":{"line":10,"column":40}},"10":{"start":{"line":11,"column":0},"end":{"line":11,"column":15}},"11":{"start":{"line":13,"column":0},"end":{"line":104,"column":3}},"12":{"start":{"line":20,"column":8},"end":{"line":20,"column":40}},"13":{"start":{"line":23,"column":8},"end":{"line":23,"column":57}},"14":{"start":{"line":24,"column":8},"end":{"line":24,"column":57}},"15":{"start":{"line":25,"column":8},"end":{"line":25,"column":100}},"16":{"start":{"line":29,"column":8},"end":{"line":31,"column":9}},"17":{"start":{"line":30,"column":12},"end":{"line":30,"column":29}},"18":{"start":{"line":33,"column":8},"end":{"line":33,"column":54}},"19":{"start":{"line":36,"column":8},"end":{"line":41,"column":9}},"20":{"start":{"line":37,"column":12},"end":{"line":37,"column":67}},"21":{"start":{"line":38,"column":12},"end":{"line":38,"column":51}},"22":{"start":{"line":40,"column":12},"end":{"line":40,"column":66}},"23":{"start":{"line":46,"column":8},"end":{"line":46,"column":89}},"24":{"start":{"line":50,"column":8},"end":{"line":50,"column":34}},"25":{"start":{"line":51,"column":8},"end":{"line":51,"column":37}},"26":{"start":{"line":52,"column":8},"end":{"line":52,"column":48}},"27":{"start":{"line":54,"column":8},"end":{"line":56,"column":9}},"28":{"start":{"line":55,"column":12},"end":{"line":55,"column":43}},"29":{"start":{"line":58,"column":8},"end":{"line":58,"column":19}},"30":{"start":{"line":62,"column":8},"end":{"line":62,"column":54}},"31":{"start":{"line":65,"column":8},"end":{"line":68,"column":9}},"32":{"start":{"line":66,"column":12},"end":{"line":66,"column":73}},"33":{"start":{"line":67,"column":12},"end":{"line":67,"column":30}},"34":{"start":{"line":70,"column":8},"end":{"line":74,"column":9}},"35":{"start":{"line":71,"column":12},"end":{"line":73,"column":13}},"36":{"start":{"line":72,"column":16},"end":{"line":72,"column":61}},"37":{"start":{"line":78,"column":8},"end":{"line":78,"column":27}},"38":{"start":{"line":80,"column":8},"end":{"line":85,"column":14}},"39":{"start":{"line":87,"column":8},"end":{"line":87,"column":82}},"40":{"start":{"line":94,"column":8},"end":{"line":102,"column":9}},"41":{"start":{"line":95,"column":12},"end":{"line":95,"column":31}},"42":{"start":{"line":96,"column":12},"end":{"line":97,"column":28}},"43":{"start":{"line":99,"column":12},"end":{"line":99,"column":67}},"44":{"start":{"line":100,"column":12},"end":{"line":100,"column":70}},"45":{"start":{"line":101,"column":12},"end":{"line":101,"column":106}},"46":{"start":{"line":106,"column":0},"end":{"line":106,"column":35}}},"branchMap":{"1":{"line":24,"type":"binary-expr","locations":[{"start":{"line":24,"column":20},"end":{"line":24,"column":51}},{"start":{"line":24,"column":55},"end":{"line":24,"column":56}}]},"2":{"line":29,"type":"if","locations":[{"start":{"line":29,"column":8},"end":{"line":29,"column":8}},{"start":{"line":29,"column":8},"end":{"line":29,"column":8}}]},"3":{"line":36,"type":"if","locations":[{"start":{"line":36,"column":8},"end":{"line":36,"column":8}},{"start":{"line":36,"column":8},"end":{"line":36,"column":8}}]},"4":{"line":54,"type":"if","locations":[{"start":{"line":54,"column":8},"end":{"line":54,"column":8}},{"start":{"line":54,"column":8},"end":{"line":54,"column":8}}]},"5":{"line":65,"type":"if","locations":[{"start":{"line":65,"column":8},"end":{"line":65,"column":8}},{"start":{"line":65,"column":8},"end":{"line":65,"column":8}}]},"6":{"line":70,"type":"if","locations":[{"start":{"line":70,"column":8},"end":{"line":70,"column":8}},{"start":{"line":70,"column":8},"end":{"line":70,"column":8}}]},"7":{"line":71,"type":"if","locations":[{"start":{"line":71,"column":12},"end":{"line":71,"column":12}},{"start":{"line":71,"column":12},"end":{"line":71,"column":12}}]},"8":{"line":80,"type":"cond-expr","locations":[{"start":{"line":80,"column":54},"end":{"line":80,"column":67}},{"start":{"line":80,"column":70},"end":{"line":80,"column":83}}]},"9":{"line":94,"type":"if","locations":[{"start":{"line":94,"column":8},"end":{"line":94,"column":8}},{"start":{"line":94,"column":8},"end":{"line":94,"column":8}}]}}},"/Users/vinokurovy/Development/regulations-site/regulations/static/regulations/js/source/events/main-events.js":{"path":"/Users/vinokurovy/Development/regulations-site/regulations/static/regulations/js/source/events/main-events.js","s":{"1":1,"2":1,"3":1,"4":1,"5":1,"6":1},"b":{},"f":{},"fnMap":{},"statementMap":{"1":{"start":{"line":2,"column":0},"end":{"line":2,"column":26}},"2":{"start":{"line":3,"column":0},"end":{"line":3,"column":30}},"3":{"start":{"line":4,"column":0},"end":{"line":4,"column":35}},"4":{"start":{"line":5,"column":0},"end":{"line":5,"column":15}},"5":{"start":{"line":7,"column":0},"end":{"line":7,"column":42}},"6":{"start":{"line":8,"column":0},"end":{"line":8,"column":28}}},"branchMap":{}},"/Users/vinokurovy/Development/regulations-site/regulations/static/regulations/js/source/events/drawer-events.js":{"path":"/Users/vinokurovy/Development/regulations-site/regulations/static/regulations/js/source/events/drawer-events.js","s":{"1":1,"2":1,"3":1,"4":1,"5":1,"6":1},"b":{},"f":{},"fnMap":{},"statementMap":{"1":{"start":{"line":2,"column":0},"end":{"line":2,"column":26}},"2":{"start":{"line":3,"column":0},"end":{"line":3,"column":30}},"3":{"start":{"line":4,"column":0},"end":{"line":4,"column":35}},"4":{"start":{"line":5,"column":0},"end":{"line":5,"column":15}},"5":{"start":{"line":7,"column":0},"end":{"line":7,"column":44}},"6":{"start":{"line":8,"column":0},"end":{"line":8,"column":30}}},"branchMap":{}},"/Users/vinokurovy/Development/regulations-site/regulations/static/regulations/js/source/views/main/child-view.js":{"path":"/Users/vinokurovy/Development/regulations-site/regulations/static/regulations/js/source/views/main/child-view.js","s":{"1":1,"2":1,"3":1,"4":1,"5":1,"6":1,"7":1,"8":1,"9":1,"10":1,"11":1,"12":1,"13":6,"14":6,"15":6,"16":6,"17":6,"18":0,"19":0,"20":0,"21":0,"22":0,"23":0,"24":0,"25":0,"26":0,"27":0,"28":6,"29":0,"30":6,"31":6,"32":6,"33":6,"34":6,"35":6,"36":6,"37":6,"38":6,"39":3,"40":6,"41":6,"42":0,"43":0,"44":0,"45":0,"46":0,"47":0,"48":0,"49":0,"50":0,"51":0,"52":0,"53":0,"54":0,"55":0,"56":0,"57":0,"58":0,"59":0,"60":0,"61":0,"62":6,"63":6,"64":6,"65":6,"66":6,"67":6,"68":0,"69":0,"70":0,"71":0,"72":0,"73":0,"74":0,"75":0,"76":0,"77":0,"78":0,"79":0,"80":0,"81":0,"82":0,"83":0,"84":0,"85":0,"86":0,"87":0,"88":0,"89":1},"b":{"1":[0,0],"2":[0,0],"3":[0,0],"4":[0,6],"5":[6,0],"6":[6,0],"7":[3,3],"8":[0,0],"9":[0,0],"10":[0,0],"11":[0,0],"12":[0,0],"13":[6,6],"14":[6,3],"15":[0,0],"16":[0,0],"17":[0,0],"18":[0,0],"19":[0,0],"20":[0,0],"21":[0,0]},"f":{"1":6,"2":0,"3":6,"4":6,"5":0,"6":0,"7":0,"8":0,"9":6,"10":0,"11":0,"12":0},"fnMap":{"1":{"name":"(anonymous_1)","line":15,"loc":{"start":{"line":15,"column":16},"end":{"line":15,"column":27}}},"2":{"name":"(anonymous_2)","line":24,"loc":{"start":{"line":24,"column":13},"end":{"line":24,"column":41}}},"3":{"name":"(anonymous_3)","line":65,"loc":{"start":{"line":65,"column":16},"end":{"line":65,"column":27}}},"4":{"name":"(anonymous_4)","line":71,"loc":{"start":{"line":71,"column":22},"end":{"line":71,"column":33}}},"5":{"name":"(anonymous_5)","line":79,"loc":{"start":{"line":79,"column":12},"end":{"line":79,"column":23}}},"6":{"name":"(anonymous_6)","line":85,"loc":{"start":{"line":85,"column":17},"end":{"line":85,"column":30}}},"7":{"name":"(anonymous_7)","line":89,"loc":{"start":{"line":89,"column":19},"end":{"line":89,"column":30}}},"8":{"name":"(anonymous_8)","line":100,"loc":{"start":{"line":100,"column":24},"end":{"line":100,"column":35}}},"9":{"name":"(anonymous_9)","line":130,"loc":{"start":{"line":130,"column":22},"end":{"line":130,"column":33}}},"10":{"name":"(anonymous_10)","line":151,"loc":{"start":{"line":151,"column":11},"end":{"line":151,"column":29}}},"11":{"name":"(anonymous_11)","line":177,"loc":{"start":{"line":177,"column":14},"end":{"line":177,"column":28}}},"12":{"name":"(anonymous_12)","line":182,"loc":{"start":{"line":182,"column":12},"end":{"line":182,"column":23}}}},"statementMap":{"1":{"start":{"line":2,"column":0},"end":{"line":2,"column":26}},"2":{"start":{"line":3,"column":0},"end":{"line":3,"column":30}},"3":{"start":{"line":4,"column":0},"end":{"line":4,"column":35}},"4":{"start":{"line":5,"column":0},"end":{"line":5,"column":39}},"5":{"start":{"line":6,"column":0},"end":{"line":6,"column":37}},"6":{"start":{"line":7,"column":0},"end":{"line":7,"column":57}},"7":{"start":{"line":8,"column":0},"end":{"line":8,"column":57}},"8":{"start":{"line":9,"column":0},"end":{"line":9,"column":39}},"9":{"start":{"line":10,"column":0},"end":{"line":10,"column":53}},"10":{"start":{"line":11,"column":0},"end":{"line":11,"column":49}},"11":{"start":{"line":12,"column":0},"end":{"line":12,"column":15}},"12":{"start":{"line":14,"column":0},"end":{"line":188,"column":3}},"13":{"start":{"line":16,"column":8},"end":{"line":16,"column":15}},"14":{"start":{"line":18,"column":8},"end":{"line":18,"column":40}},"15":{"start":{"line":19,"column":8},"end":{"line":19,"column":41}},"16":{"start":{"line":20,"column":8},"end":{"line":20,"column":80}},"17":{"start":{"line":24,"column":8},"end":{"line":44,"column":21}},"18":{"start":{"line":25,"column":12},"end":{"line":43,"column":13}},"19":{"start":{"line":26,"column":16},"end":{"line":28,"column":17}},"20":{"start":{"line":27,"column":20},"end":{"line":27,"column":60}},"21":{"start":{"line":30,"column":16},"end":{"line":32,"column":17}},"22":{"start":{"line":31,"column":20},"end":{"line":31,"column":54}},"23":{"start":{"line":34,"column":16},"end":{"line":34,"column":41}},"24":{"start":{"line":36,"column":16},"end":{"line":36,"column":63}},"25":{"start":{"line":38,"column":16},"end":{"line":38,"column":40}},"26":{"start":{"line":39,"column":16},"end":{"line":39,"column":30}},"27":{"start":{"line":42,"column":16},"end":{"line":42,"column":61}},"28":{"start":{"line":47,"column":8},"end":{"line":56,"column":9}},"29":{"start":{"line":48,"column":12},"end":{"line":48,"column":48}},"30":{"start":{"line":50,"column":13},"end":{"line":56,"column":9}},"31":{"start":{"line":52,"column":12},"end":{"line":52,"column":62}},"32":{"start":{"line":54,"column":12},"end":{"line":54,"column":36}},"33":{"start":{"line":55,"column":12},"end":{"line":55,"column":58}},"34":{"start":{"line":58,"column":8},"end":{"line":58,"column":46}},"35":{"start":{"line":59,"column":8},"end":{"line":59,"column":37}},"36":{"start":{"line":60,"column":8},"end":{"line":60,"column":58}},"37":{"start":{"line":62,"column":8},"end":{"line":62,"column":20}},"38":{"start":{"line":66,"column":8},"end":{"line":68,"column":9}},"39":{"start":{"line":67,"column":12},"end":{"line":67,"column":73}},"40":{"start":{"line":72,"column":8},"end":{"line":72,"column":32}},"41":{"start":{"line":76,"column":8},"end":{"line":76,"column":76}},"42":{"start":{"line":80,"column":8},"end":{"line":80,"column":32}},"43":{"start":{"line":81,"column":8},"end":{"line":81,"column":58}},"44":{"start":{"line":82,"column":8},"end":{"line":82,"column":54}},"45":{"start":{"line":86,"column":8},"end":{"line":86,"column":22}},"46":{"start":{"line":90,"column":8},"end":{"line":90,"column":33}},"47":{"start":{"line":91,"column":8},"end":{"line":91,"column":58}},"48":{"start":{"line":92,"column":8},"end":{"line":92,"column":97}},"49":{"start":{"line":93,"column":8},"end":{"line":93,"column":34}},"50":{"start":{"line":101,"column":8},"end":{"line":101,"column":52}},"51":{"start":{"line":103,"column":8},"end":{"line":124,"column":9}},"52":{"start":{"line":104,"column":12},"end":{"line":123,"column":13}},"53":{"start":{"line":105,"column":16},"end":{"line":122,"column":17}},"54":{"start":{"line":106,"column":20},"end":{"line":106,"column":65}},"55":{"start":{"line":107,"column":20},"end":{"line":107,"column":66}},"56":{"start":{"line":109,"column":20},"end":{"line":109,"column":77}},"57":{"start":{"line":110,"column":20},"end":{"line":110,"column":88}},"58":{"start":{"line":112,"column":20},"end":{"line":119,"column":21}},"59":{"start":{"line":114,"column":24},"end":{"line":118,"column":26}},"60":{"start":{"line":121,"column":20},"end":{"line":121,"column":27}},"61":{"start":{"line":127,"column":8},"end":{"line":127,"column":20}},"62":{"start":{"line":131,"column":8},"end":{"line":131,"column":19}},"63":{"start":{"line":135,"column":8},"end":{"line":135,"column":76}},"64":{"start":{"line":138,"column":8},"end":{"line":138,"column":128}},"65":{"start":{"line":141,"column":8},"end":{"line":141,"column":44}},"66":{"start":{"line":144,"column":8},"end":{"line":144,"column":46}},"67":{"start":{"line":146,"column":8},"end":{"line":148,"column":9}},"68":{"start":{"line":147,"column":12},"end":{"line":147,"column":61}},"69":{"start":{"line":151,"column":38},"end":{"line":174,"column":9}},"70":{"start":{"line":152,"column":12},"end":{"line":153,"column":29}},"71":{"start":{"line":156,"column":12},"end":{"line":173,"column":13}},"72":{"start":{"line":157,"column":16},"end":{"line":157,"column":48}},"73":{"start":{"line":158,"column":16},"end":{"line":158,"column":35}},"74":{"start":{"line":159,"column":16},"end":{"line":159,"column":84}},"75":{"start":{"line":161,"column":16},"end":{"line":165,"column":17}},"76":{"start":{"line":162,"column":20},"end":{"line":162,"column":38}},"77":{"start":{"line":164,"column":20},"end":{"line":164,"column":74}},"78":{"start":{"line":167,"column":16},"end":{"line":171,"column":17}},"79":{"start":{"line":168,"column":20},"end":{"line":168,"column":72}},"80":{"start":{"line":169,"column":23},"end":{"line":171,"column":17}},"81":{"start":{"line":170,"column":20},"end":{"line":170,"column":44}},"82":{"start":{"line":172,"column":12},"end":{"line":172,"column":31}},"83":{"start":{"line":178,"column":8},"end":{"line":178,"column":29}},"84":{"start":{"line":179,"column":8},"end":{"line":179,"column":36}},"85":{"start":{"line":183,"column":8},"end":{"line":183,"column":36}},"86":{"start":{"line":184,"column":8},"end":{"line":184,"column":29}},"87":{"start":{"line":185,"column":8},"end":{"line":185,"column":19}},"88":{"start":{"line":186,"column":8},"end":{"line":186,"column":20}},"89":{"start":{"line":190,"column":0},"end":{"line":190,"column":27}}},"branchMap":{"1":{"line":25,"type":"if","locations":[{"start":{"line":25,"column":12},"end":{"line":25,"column":12}},{"start":{"line":25,"column":12},"end":{"line":25,"column":12}}]},"2":{"line":26,"type":"if","locations":[{"start":{"line":26,"column":16},"end":{"line":26,"column":16}},{"start":{"line":26,"column":16},"end":{"line":26,"column":16}}]},"3":{"line":30,"type":"if","locations":[{"start":{"line":30,"column":16},"end":{"line":30,"column":16}},{"start":{"line":30,"column":16},"end":{"line":30,"column":16}}]},"4":{"line":47,"type":"if","locations":[{"start":{"line":47,"column":8},"end":{"line":47,"column":8}},{"start":{"line":47,"column":8},"end":{"line":47,"column":8}}]},"5":{"line":50,"type":"if","locations":[{"start":{"line":50,"column":13},"end":{"line":50,"column":13}},{"start":{"line":50,"column":13},"end":{"line":50,"column":13}}]},"6":{"line":58,"type":"binary-expr","locations":[{"start":{"line":58,"column":25},"end":{"line":58,"column":39}},{"start":{"line":58,"column":43},"end":{"line":58,"column":45}}]},"7":{"line":66,"type":"if","locations":[{"start":{"line":66,"column":8},"end":{"line":66,"column":8}},{"start":{"line":66,"column":8},"end":{"line":66,"column":8}}]},"8":{"line":104,"type":"if","locations":[{"start":{"line":104,"column":12},"end":{"line":104,"column":12}},{"start":{"line":104,"column":12},"end":{"line":104,"column":12}}]},"9":{"line":105,"type":"if","locations":[{"start":{"line":105,"column":16},"end":{"line":105,"column":16}},{"start":{"line":105,"column":16},"end":{"line":105,"column":16}}]},"10":{"line":105,"type":"binary-expr","locations":[{"start":{"line":105,"column":20},"end":{"line":105,"column":49}},{"start":{"line":105,"column":54},"end":{"line":105,"column":97}}]},"11":{"line":112,"type":"if","locations":[{"start":{"line":112,"column":20},"end":{"line":112,"column":20}},{"start":{"line":112,"column":20},"en
[...]
}}},"16":{"name":"(anonymous_16)","line":190,"loc":{"start":{"line":190,"column":13},"end":{"line":190,"column":24}}},"17":{"name":"(anonymous_17)","line":194,"loc":{"start":{"line":194,"column":12},"end":{"line":194,"column":23}}},"18":{"name":"(anonymous_18)","line":199,"loc":{"start":{"line":199,"column":18},"end":{"line":199,"column":29}}}},"statementMap":{"1":{"start":{"line":2,"column":0},"end":{"line":2,"column":26}},"2":{"start":{"line":3,"column":0},"end":{"line":3,"column":30}},"3":{"start":{"line":4,"column":0},"end":{"line":4,"column":35}},"4":{"start":{"line":5,"column":0},"end":{"line":5,"column":49}},"5":{"start":{"line":6,"column":0},"end":{"line":6,"column":41}},"6":{"start":{"line":7,"column":0},"end":{"line":7,"column":38}},"7":{"start":{"line":8,"column":0},"end":{"line":8,"column":57}},"8":{"start":{"line":9,"column":0},"end":{"line":9,"column":63}},"9":{"start":{"line":10,"column":0},"end":{"line":10,"column":55}},"10":{"start":{"line":11,"column":0},"end":{"line":11,"column":59}},"11":{"start":{"line":12,"column":0},"end":{"line":12,"column":46}},"12":{"start":{"line":13,"column":0},"end":{"line":13,"column":51}},"13":{"start":{"line":14,"column":0},"end":{"line":14,"column":53}},"14":{"start":{"line":15,"column":0},"end":{"line":15,"column":42}},"15":{"start":{"line":17,"column":0},"end":{"line":17,"column":15}},"16":{"start":{"line":19,"column":0},"end":{"line":202,"column":3}},"17":{"start":{"line":27,"column":8},"end":{"line":27,"column":64}},"18":{"start":{"line":28,"column":8},"end":{"line":28,"column":44}},"19":{"start":{"line":29,"column":8},"end":{"line":29,"column":76}},"20":{"start":{"line":30,"column":8},"end":{"line":30,"column":83}},"21":{"start":{"line":31,"column":8},"end":{"line":31,"column":85}},"22":{"start":{"line":32,"column":8},"end":{"line":32,"column":76}},"23":{"start":{"line":33,"column":8},"end":{"line":33,"column":73}},"24":{"start":{"line":34,"column":8},"end":{"line":34,"column":80}},"25":{"start":{"line":36,"column":8},"end":{"line":36,"column":29}},"26":{"start":{"line":37,"column":8},"end":{"line":37,"column":30}},"27":{"start":{"line":39,"column":8},"end":{"line":39,"column":34}},"28":{"start":{"line":40,"column":8},"end":{"line":40,"column":47}},"29":{"start":{"line":44,"column":8},"end":{"line":56,"column":21}},"30":{"start":{"line":45,"column":12},"end":{"line":45,"column":25}},"31":{"start":{"line":47,"column":12},"end":{"line":55,"column":13}},"32":{"start":{"line":48,"column":16},"end":{"line":48,"column":55}},"33":{"start":{"line":51,"column":16},"end":{"line":51,"column":90}},"34":{"start":{"line":52,"column":16},"end":{"line":52,"column":157}},"35":{"start":{"line":54,"column":16},"end":{"line":54,"column":65}},"36":{"start":{"line":58,"column":8},"end":{"line":61,"column":11}},"37":{"start":{"line":63,"column":8},"end":{"line":63,"column":38}},"38":{"start":{"line":65,"column":8},"end":{"line":65,"column":81}},"39":{"start":{"line":69,"column":8},"end":{"line":71,"column":9}},"40":{"start":{"line":70,"column":12},"end":{"line":70,"column":48}},"41":{"start":{"line":75,"column":8},"end":{"line":75,"column":70}},"42":{"start":{"line":76,"column":8},"end":{"line":97,"column":9}},"43":{"start":{"line":78,"column":16},"end":{"line":78,"column":64}},"44":{"start":{"line":79,"column":16},"end":{"line":79,"column":61}},"45":{"start":{"line":82,"column":16},"end":{"line":84,"column":17}},"46":{"start":{"line":83,"column":20},"end":{"line":83,"column":39}},"47":{"start":{"line":86,"column":16},"end":{"line":86,"column":22}},"48":{"start":{"line":88,"column":16},"end":{"line":88,"column":37}},"49":{"start":{"line":89,"column":16},"end":{"line":89,"column":30}},"50":{"start":{"line":90,"column":16},"end":{"line":90,"column":22}},"51":{"start":{"line":92,"column":16},"end":{"line":92,"column":30}},"52":{"start":{"line":93,"column":16},"end":{"line":93,"column":22}},"53":{"start":{"line":95,"column":16},"end":{"line":95,"column":37}},"54":{"start":{"line":96,"column":16},"end":{"line":96,"column":30}},"55":{"start":{"line":99,"column":8},"end":{"line":99,"column":36}},"56":{"start":{"line":104,"column":8},"end":{"line":104,"column":41}},"57":{"start":{"line":106,"column":8},"end":{"line":112,"column":9}},"58":{"start":{"line":108,"column":12},"end":{"line":108,"column":35}},"59":{"start":{"line":111,"column":12},"end":{"line":111,"column":38}},"60":{"start":{"line":115,"column":8},"end":{"line":115,"column":44}},"61":{"start":{"line":116,"column":8},"end":{"line":116,"column":46}},"62":{"start":{"line":118,"column":8},"end":{"line":118,"column":22}},"63":{"start":{"line":122,"column":8},"end":{"line":122,"column":37}},"64":{"start":{"line":126,"column":8},"end":{"line":128,"column":9}},"65":{"start":{"line":127,"column":12},"end":{"line":127,"column":83}},"66":{"start":{"line":130,"column":8},"end":{"line":132,"column":9}},"67":{"start":{"line":131,"column":12},"end":{"line":131,"column":79}},"68":{"start":{"line":137,"column":8},"end":{"line":137,"column":28}},"69":{"start":{"line":141,"column":8},"end":{"line":141,"column":23}},"70":{"start":{"line":145,"column":8},"end":{"line":145,"column":32}},"71":{"start":{"line":147,"column":8},"end":{"line":152,"column":9}},"72":{"start":{"line":150,"column":12},"end":{"line":150,"column":68}},"73":{"start":{"line":151,"column":12},"end":{"line":151,"column":63}},"74":{"start":{"line":154,"column":8},"end":{"line":154,"column":37}},"75":{"start":{"line":158,"column":8},"end":{"line":163,"column":22}},"76":{"start":{"line":159,"column":12},"end":{"line":159,"column":36}},"77":{"start":{"line":160,"column":12},"end":{"line":162,"column":13}},"78":{"start":{"line":161,"column":16},"end":{"line":161,"column":47}},"79":{"start":{"line":167,"column":6},"end":{"line":167,"column":22}},"80":{"start":{"line":169,"column":8},"end":{"line":175,"column":9}},"81":{"start":{"line":170,"column":12},"end":{"line":170,"column":32}},"82":{"start":{"line":171,"column":12},"end":{"line":171,"column":45}},"83":{"start":{"line":174,"column":12},"end":{"line":174,"column":28}},"84":{"start":{"line":176,"column":8},"end":{"line":176,"column":51}},"85":{"start":{"line":180,"column":8},"end":{"line":180,"column":14}},"86":{"start":{"line":181,"column":8},"end":{"line":187,"column":9}},"87":{"start":{"line":182,"column":12},"end":{"line":186,"column":13}},"88":{"start":{"line":183,"column":16},"end":{"line":185,"column":17}},"89":{"start":{"line":184,"column":20},"end":{"line":184,"column":48}},"90":{"start":{"line":191,"column":8},"end":{"line":191,"column":37}},"91":{"start":{"line":195,"column":8},"end":{"line":195,"column":40}},"92":{"start":{"line":200,"column":8},"end":{"line":200,"column":23}},"93":{"start":{"line":204,"column":0},"end":{"line":204,"column":29}}},"branchMap":{"1":{"line":47,"type":"if","locations":[{"start":{"line":47,"column":12},"end":{"line":47,"column":12}},{"start":{"line":47,"column":12},"end":{"line":47,"column":12}}]},"2":{"line":63,"type":"binary-expr","locations":[{"start":{"line":63,"column":20},"end":{"line":63,"column":29}},{"start":{"line":63,"column":33},"end":{"line":63,"column":37}}]},"3":{"line":69,"type":"if","locations":[{"start":{"line":69,"column":8},"end":{"line":69,"column":8}},{"start":{"line":69,"column":8},"end":{"line":69,"column":8}}]},"4":{"line":75,"type":"binary-expr","locations":[{"start":{"line":75,"column":26},"end":{"line":75,"column":37}},{"start":{"line":75,"column":41},"end":{"line":75,"column":69}}]},"5":{"line":76,"type":"switch","locations":[{"start":{"line":77,"column":12},"end":{"line":86,"column":22}},{"start":{"line":87,"column":12},"end":{"line":90,"column":22}},{"start":{"line":91,"column":12},"end":{"line":93,"column":22}},{"start":{"line":94,"column":12},"end":{"line":96,"column":30}}]},"6":{"line":82,"type":"if","locations":[{"start":{"line":82,"column":16},"end":{"line":82,"column":16}},{"start":{"line":82,"column":16},"end":{"line":82,"column":16}}]},"7":{"line":106,"type":"if","locations":[{"start":{"line":106,"column":8},"end":{"line":106,"column":8}},{"start":{"line":106,"column":8},"end":{"line":106,"column":8}}]},"8":{"line":126,"type":"if","locations":[{"start":{"line":126,"column":8},"end":{"line":126,"column":8}},{"start":{"line":126,"column":8},"end":{"line":126,"column":8}}]},"9":{"line":130,"type":"if","locations":[{"start":{"line":130,"column":8},"end":{"line":130,"column":8}},{"start":{"line":130,"column":8},"end":{"line":130,"column":8}}]},"10":{"line":147,"type":"if","locations":[{"start":{"line":147,"column":8},"end":{"line":147,"column":8}},{"start":{"line":147,"column":8},"end":{"line":147,"column":8}}]},"11":{"line":160,"type":"if","locations":[{"start":{"line":160,"column":12},"end":{"line":160,"column":12}},{"start":{"line":160,"column":12},"end":{"line":160,"column":12}}]},"12":{"line":169,"type":"if","locations":[{"start":{"line":169,"column":8},"end":{"line":169,"column":8}},{"start":{"line":169,"column":8},"end":{"line":169,"column":8}}]},"13":{"line":182,"type":"if","locations":[{"start":{"line":182,"column":12},"end":{"line":182,"column":12}},{"start":{"line":182,"column":12},"end":{"line":182,"column":12}}]},"14":{"line":183,"type":"if","locations":[{"start":{"line":183,"column":16},"end":{"line":183,"column":16}},{"start":{"line":183,"column":16},"end":{"line":183,"column":16}}]},"15":{"line":183,"type":"binary-expr","locations":[{"start":{"line":183,"column":20},"end":{"line":183,"column":27}},{"start":{"line":183,"column":31},"end":{"line":183,"column":43}}]}}},"/Users/vinokurovy/Development/regulations-site/regulations/static/regulations/js/source/views/sidebar/sxs-list-view.js":{"path":"/Users/vinokurovy/Development/regulations-site/regulations/static/regulations/js/source/views/sidebar/sxs-list-view.js","s":{"1":1,"2":1,"3":1,"4":1,"5":1,"6":1,"7":1,"8":1,"9":1,"10":1,"11":1,"12":2,"13":2,"14":2,"15":0,"16":0,"17":0,"18":0,"19":0,"20":0,"21":0,"22":0,"23":2,"24":2,"25":0,"26":0,"27":0,"28":0,"29":1},"b":{"1":[0,2],"2":[0,2]},"f":{"1":2,"2":0,"3":0,"4":2,"5":0,"6":0},"fnMap":{"1":{"name":"(anonymous_1)","line":21,"loc":{"start":{"line":21,"column":16},"end":{"line":21,"column":27}}},"2":{"name":"(anonymous_2)","line":32,"loc":{"start":{"line":32,"column":13},"end":{"line":32,"column":25}}},"3":{"name":"(anonymous_3)","line":54,"loc":{"start":{"line":54,"column":12},"end":{"line":54,"column":27}}},"4":{"name":"(anonymous_4)","line":62,"loc":{"start":{"line":62,"column":23},"end":{"line":62,"column":34}}},"5":{"name":"(anonymous_5)","line":71,"loc":{"start":{"line":71,"column":21},"end":{"line":71,"column":32}}},"6":{"name":"(anonymous_6)","line":75,"loc":{"start":{"line":75,"column":15},"end":{"line":75,"column":26}}}},"statementMap":{"1":{"start":{"line":2,"column":0},"end":{"line":2,"column":26}},"2":{"start":{"line":3,"column":0},"end":{"line":3,"column":30}},"3":{"start":{"line":4,"column":0},"end":{"line":4,"column":35}},"4":{"start":{"line":5,"column":0},"end":{"line":5,"column":41}},"5":{"start":{"line":6,"column":0},"end":{"line":6,"column":53}},"6":{"start":{"line":7,"column":0},"end":{"line":7,"column":37}},"7":{"start":{"line":8,"column":0},"end":{"line":8,"column":63}},"8":{"start":{"line":9,"column":0},"end":{"line":9,"column":49}},"9":{"start":{"line":10,"column":0},"end":{"line":10,"column":42}},"10":{"start":{"line":12,"column":0},"end":{"line":12,"column":15}},"11":{"start":{"line":14,"column":0},"end":{"line":79,"column":3}},"12":{"start":{"line":22,"column":8},"end":{"line":22,"column":48}},"13":{"start":{"line":23,"column":8},"end":{"line":23,"column":33}},"14":{"start":{"line":27,"column":8},"end":{"line":29,"column":9}},"15":{"start":{"line":28,"column":12},"end":{"line":28,"column":29}},"16":{"start":{"line":33,"column":8},"end":{"line":33,"column":27}},"17":{"start":{"line":35,"column":8},"end":{"line":38,"column":75}},"18":{"start":{"line":40,"column":8},"end":{"line":44,"column":11}},"19":{"start":{"line":46,"column":8},"end":{"line":51,"column":11}},"20":{"start":{"line":55,"column":8},"end":{"line":56,"column":50}},"21":{"start":{"line":57,"column":8},"end":{"line":57,"column":28}},"22":{"start":{"line":59,"column":8},"end":{"line":59,"column":33}},"23":{"start":{"line":63,"column":8},"end":{"line":63,"column":61}},"24":{"start":{"line":64,"column":8},"end":{"line":68,"column":9}},"25":{"start":{"line":65,"column":12},"end":{"line":65,"column":35}},"26":{"start":{"line":67,"column":12},"end":{"line":67,"column":29}},"27":{"start":{"line":72,"column":8},"end":{"line":72,"column":56}},"28":{"start":{"line":76,"column":6},"end":{"line":76,"column":63}},"29":{"start":{"line":81,"column":0},"end":{"line":81,"column":29}}},"branchMap":{"1":{"line":27,"type":"if","locations":[{"start":{"line":27,"column":8},"end":{"line":27,"column":8}},{"start":{"line":27,"column":8},"end":{"line":27,"column":8}}]},"2":{"line":64,"type":"if","locations":[{"start":{"line":64,"column":8},"end":{"line":64,"column":8}},{"start":{"line":64,"column":8},"end":{"line":64,"column":8}}]}}},"/Users/vinokurovy/Development/regulations-site/regulations/static/regulations/js/source/views/breakaway/breakaway-view.js":{"path":"/Users/vinokurovy/Development/regulations-site/regulations/static/regulations/js/source/views/breakaway/breakaway-view.js","s":{"1":1,"2":1,"3":1,"4":1,"5":1,"6":1,"7":1,"8":1,"9":1,"10":1,"11":1,"12":1,"13":0,"14":0,"15":0,"16":0,"17":0,"18":0,"19":0,"20":0,"21":1,"22":1},"b":{"1":[0,0]},"f":{"1":1,"2":0,"3":0},"fnMap":{"1":{"name":"(anonymous_1)","line":15,"loc":{"start":{"line":15,"column":16},"end":{"line":15,"column":27}}},"2":{"name":"(anonymous_2)","line":20,"loc":{"start":{"line":20,"column":13},"end":{"line":20,"column":31}}},"3":{"name":"(anonymous_3)","line":33,"loc":{"start":{"line":33,"column":17},"end":{"line":33,"column":28}}}},"statementMap":{"1":{"start":{"line":2,"column":0},"end":{"line":2,"column":26}},"2":{"start":{"line":3,"column":0},"end":{"line":3,"column":30}},"3":{"start":{"line":4,"column":0},"end":{"line":4,"column":35}},"4":{"start":{"line":5,"column":0},"end":{"line":5,"column":32}},"5":{"start":{"line":6,"column":0},"end":{"line":6,"column":37}},"6":{"start":{"line":7,"column":0},"end":{"line":7,"column":63}},"7":{"start":{"line":8,"column":0},"end":{"line":8,"column":53}},"8":{"start":{"line":9,"column":0},"end":{"line":9,"column":59}},"9":{"start":{"line":10,"column":0},"end":{"line":10,"column":15}},"10":{"start":{"line":12,"column":0},"end":{"line":37,"column":3}},"11":{"start":{"line":16,"column":8},"end":{"line":16,"column":46}},"12":{"start":{"line":17,"column":8},"end":{"line":17,"column":69}},"13":{"start":{"line":21,"column":8},"end":{"line":21,"column":110}},"14":{"start":{"line":23,"column":8},"end":{"line":23,"column":47}},"15":{"start":{"line":25,"column":8},"end":{"line":27,"column":9}},"16":{"start":{"line":26,"column":12},"end":{"line":26,"column":50}},"17":{"start":{"line":29,"column":8},"end":{"line":29,"column":77}},"18":{"start":{"line":30,"column":8},"end":{"line":30,"column":48}},"19":{"start":{"line":34,"column":8},"end":{"line":34,"column":37}},"20":{"start":{"line":35,"column":8},"end":{"line":35,"column":36}},"21":{"start":{"line":39,"column":0},"end":{"line":39,"column":36}},"22":{"start":{"line":40,"column":0},"end":{"line":40,"column":27}}},"branchMap":{"1":{"line":25,"type":"if","locations":[{"start":{"line":25,"column":8},"end":{"line":25,"column":8}},{"start":{"line":25,"column":8},"end":{"line":25,"column":8}}]}}},"/Users/vinokurovy/Development/regulations-site/regulations/static/regulations/js/source/views/breakaway/sxs-view.js":{"path":"/Users/vinokurovy/Development/regulations-site/regulations/static/regulations/js/source/views/breakaway/sxs-view.js","s":{"1":1,"2":1,"3":1,"4":1,"5":1,"6":1,"7":1,"8":1,"9":1,"10":1,"11":0,"12":0,"13":0,"14":0,"15":0,"16":0,"17":0,"18":0,"19":0,"20":0,"21":0,"22":0,"23":0,"24":0,"25":0,"26":0,"27":0,"28":0,"29":0,"30":0,"31":0,"32":0,"33":0,"34":0,"35":0,"36":0,"37":0,"38":0,"39":1},"b":{"1":[0,0],"2":[0,0],"3":[0,0]},"f":{"1":0,"2":0,"3":0,"4":0,"5":0,"6":0,"7":0},"fnMap":{"1":{"name":"(anonymous_1)","line":21,"loc":{"start":{"line":21,"column":16},"end":{"line":21,"column":27}}},"2":{"name":"(anonymous_2)","line":33,"loc":{"start":{"line":33,"column":17},"end":{"line":33,"column":45}}},"3":{"name":"(anonymous_3)","line":54,"loc":{"start":{"line":54,"column":12},"end":{"line":54,"column":31}}},"4":{"name":"(anonymous_4)","line":58,"loc":{"start":{"line":58,"column":17},"end":{"line":58,"column":33}}},"5":{"name":"(anonymous_5)","line":65,"loc":{"start":{"line":65,"column":23},"end":{"line":65,"column":35}}},"6":{"name":"(anonymous_6)","line":73,"loc":{"start":{"line":73,"column":21},"end":{"line":73,"column":32}}},"7":{"name":"(anonymous_7)","line":77,"loc":{"start":{"line":77,"column":12},"end":{"line":77,"column":24}}}},"statementMap":{"1":{"start":{"line":2,"column":0},"end":{"line":2,"column":26}},"2":{"start":{"line":3,"column":0},"end":{"line":3,"column":30}},"3":{"start":{"line":4,"column":0},"end":{"line":4,"column":35}},"4":{"start":{"line":5,"column":0},"end":{"line":5,"column":32}},"5":{"start":{"line":6,"column":0},"end":{"line":6,"column":37}},"6":{"start":{"line":7,"column":0},"end":{"line":7,"column":49}},"7":{"start":{"line":8,"column":0},"end":{"line":8,"column":63}},"8":{"start":{"line":9,"column":0},"end":{"line":9,"column":53}},"9":{"start":{"line":10,"column":0},"end":{"line":10,"column":15}},"10":{"start":{"line":12,"column":0},"end":{"line":89,"column":3}},"11":{"start":{"line":22,"column":8},"end":{"line":22,"column":19}},"12":{"start":{"line":23,"column":8},"end":{"line":23,"column":46}},"13":{"start":{"line":26,"column":8},"end":{"line":26,"column":38}},"14":{"start":{"line":29,"column":8},"end":{"line":29,"column":39}},"15":{"start":{"line":33,"column":8},"end":{"line":41,"column":21}},"16":{"start":{"line":34,"column":12},"end":{"line":34,"column":42}},"17":{"start":{"line":35,"column":12},"end":{"line":40,"column":13}},"18":{"start":{"line":36,"column":16},"end":{"line":36,"column":38}},"19":{"start":{"line":39,"column":16},"end":{"line":39,"column":190}},"20":{"start":{"line":43,"column":8},"end":{"line":45,"column":69}},"21":{"start":{"line":49,"column":8},"end":{"line":51,"column":9}},"22":{"start":{"line":50,"column":12},"end":{"line":50,"column":29}},"23":{"start":{"line":55,"column":8},"end":{"line":55,"column":32}},"24":{"start":{"line":60,"column":8},"end":{"line":60,"column":48}},"25":{"start":{"line":61,"column":8},"end":{"line":61,"column":34}},"26":{"start":{"line":62,"column":8},"end":{"line":62,"column":33}},"27":{"start":{"line":66,"column":8},"end":{"line":66,"column":46}},"28":{"start":{"line":68,"column":8},"end":{"line":68,"column":31}},"29":{"start":{"line":70,"column":8},"end":{"line":70,"column":59}},"30":{"start":{"line":74,"column":8},"end":{"line":74,"column":52}},"31":{"start":{"line":78,"column":8},"end":{"line":81,"column":9}},"32":{"start":{"line":79,"column":12},"end":{"line":79,"column":31}},"33":{"start":{"line":80,"column":12},"end":{"line":80,"column":34}},"34":{"start":{"line":83,"column":8},"end":{"line":83,"column":41}},"35":{"start":{"line":84,"column":8},"end":{"line":84,"column":26}},"36":{"start":{"line":85,"column":8},"end":{"line":85,"column":29}},"37":{"start":{"line":86,"column":8},"end":{"line":86,"column":23}},"38":{"start":{"line":87,"column":8},"end":{"line":87,"column":20}},"39":{"start":{"line":91,"column":0},"end":{"line":91,"column":25}}},"branchMap":{"1":{"line":35,"type":"if","locations":[{"start":{"line":35,"column":12},"end":{"line":35,"column":12}},{"start":{"line":35,"column":12},"end":{"line":35,"column":12}}]},"2":{"line":49,"type":"if","locations":[{"start":{"line":49,"column":8},"end":{"line":49,"column":8}},{"start":{"line":49,"column":8},"end":{"line":49,"column":8}}]},"3":{"line":78,"type":"if","locations":[{"start":{"line":78,"column":8},"end":{"line":78,"column":8}},{"start":{"line":78,"column":8},"end":{"line":78,"column":8}}]}}}}