TN:
SF:/Users/vinokurovy/Development/regulations-site/regulations/static/regulations/js/unittests/setup.js
FN:11,(anonymous_1)
FNF:1
FNH:0
FNDA:0,(anonymous_1)
DA:1,1
DA:3,1
DA:4,1
DA:5,1
DA:6,1
DA:8,1
DA:10,0
DA:11,0
LF:8
LH:6
BRDA:1,1,0,1
BRDA:1,1,1,0
BRF:2
BRH:1
end_of_record
TN:
SF:/Users/vinokurovy/Development/regulations-site/regulations/static/regulations/js/source/helpers.js
FN:10,(anonymous_1)
FN:41,(anonymous_2)
FN:53,(anonymous_3)
FN:70,(anonymous_4)
FN:77,(anonymous_5)
FN:151,(anonymous_6)
FN:209,(anonymous_7)
FN:218,(anonymous_8)
FN:231,(anonymous_9)
FN:248,(anonymous_10)
FN:265,(anonymous_11)
FN:279,(anonymous_12)
FN:285,(anonymous_13)
FN:294,(anonymous_14)
FNF:14
FNH:10
FNDA:0,(anonymous_1)
FNDA:4,(anonymous_2)
FNDA:10,(anonymous_3)
FNDA:13,(anonymous_4)
FNDA:43,(anonymous_5)
FNDA:10,(anonymous_6)
FNDA:29,(anonymous_7)
FNDA:6,(anonymous_8)
FNDA:7,(anonymous_9)
FNDA:9,(anonymous_10)
FNDA:2,(anonymous_11)
FNDA:0,(anonymous_12)
FNDA:0,(anonymous_13)
FNDA:0,(anonymous_14)
DA:3,1
DA:4,1
DA:9,1
DA:10,0
DA:11,0
DA:12,0
DA:15,0
DA:17,0
DA:19,0
DA:20,0
DA:23,0
DA:24,0
DA:25,0
DA:26,0
DA:30,0
DA:31,0
DA:32,0
DA:36,0
DA:40,1
DA:42,4
DA:43,2
DA:45,2
DA:54,10
DA:55,4
DA:57,6
DA:58,3
DA:61,3
DA:71,13
DA:78,43
DA:79,43
DA:80,43
DA:81,43
DA:82,43
DA:83,43
DA:86,43
DA:87,2
DA:88,2
DA:92,41
DA:93,2
DA:97,2
DA:98,2
DA:101,2
DA:105,41
DA:106,41
DA:107,5
DA:108,5
DA:111,36
DA:112,12
DA:115,29
DA:116,5
DA:117,5
DA:121,29
DA:122,1
DA:126,28
DA:127,1
DA:130,27
DA:132,62
DA:133,3
DA:137,59
DA:138,24
DA:140,35
DA:141,35
DA:146,24
DA:152,10
DA:154,10
DA:155,9
DA:158,1
DA:167,9
DA:168,1
DA:171,8
DA:173,8
DA:175,5
DA:176,1
DA:188,4
DA:195,3
DA:210,29
DA:219,6
DA:220,6
DA:221,6
DA:222,6
DA:223,5
DA:224,5
DA:228,6
DA:232,7
DA:234,7
DA:235,7
DA:236,7
DA:237,1
DA:240,6
DA:241,1
DA:245,5
DA:249,9
DA:251,9
DA:252,9
DA:253,9
DA:254,1
DA:257,8
DA:258,3
DA:262,5
DA:267,2
DA:269,2
DA:270,1
DA:273,2
DA:280,0
DA:286,0
DA:287,0
DA:288,0
DA:295,0
DA:298,0
DA:299,0
DA:300,0
DA:301,0
DA:303,0
LF:113
LH:88
BRDA:9,1,0,0
BRDA:9,1,1,1
BRDA:11,2,0,0
BRDA:11,2,1,0
BRDA:11,3,0,0
BRDA:11,3,1,0
BRDA:17,4,0,0
BRDA:17,4,1,0
BRDA:19,5,0,0
BRDA:19,5,1,0
BRDA:23,6,0,0
BRDA:23,6,1,0
BRDA:25,7,0,0
BRDA:25,7,1,0
BRDA:31,8,0,0
BRDA:31,8,1,0
BRDA:42,9,0,2
BRDA:42,9,1,2
BRDA:42,10,0,4
BRDA:42,10,1,4
BRDA:54,11,0,4
BRDA:54,11,1,6
BRDA:57,12,0,3
BRDA:57,12,1,3
BRDA:86,13,0,2
BRDA:86,13,1,41
BRDA:92,14,0,2
BRDA:92,14,1,39
BRDA:97,15,0,2
BRDA:97,15,1,0
BRDA:97,16,0,2
BRDA:97,16,1,2
BRDA:106,17,0,5
BRDA:106,17,1,36
BRDA:111,18,0,12
BRDA:111,18,1,24
BRDA:115,19,0,5
BRDA:115,19,1,24
BRDA:121,20,0,1
BRDA:121,20,1,28
BRDA:126,21,0,1
BRDA:126,21,1,27
BRDA:126,22,0,28
BRDA:126,22,1,20
BRDA:132,23,0,3
BRDA:132,23,1,59
BRDA:137,24,0,24
BRDA:137,24,1,35
BRDA:154,25,0,9
BRDA:154,25,1,1
BRDA:167,26,0,1
BRDA:167,26,1,8
BRDA:173,27,0,5
BRDA:173,27,1,3
BRDA:175,28,0,1
BRDA:175,28,1,4
BRDA:210,29,0,29
BRDA:210,29,1,6
BRDA:210,29,2,2
BRDA:220,30,0,6
BRDA:220,30,1,5
BRDA:222,31,0,5
BRDA:222,31,1,1
BRDA:222,32,0,6
BRDA:222,32,1,3
BRDA:223,33,0,5
BRDA:223,33,1,0
BRDA:234,34,0,7
BRDA:234,34,1,0
BRDA:236,35,0,1
BRDA:236,35,1,6
BRDA:240,36,0,1
BRDA:240,36,1,5
BRDA:251,37,0,9
BRDA:251,37,1,0
BRDA:253,38,0,1
BRDA:253,38,1,8
BRDA:257,39,0,3
BRDA:257,39,1,5
BRDA:257,40,0,8
BRDA:257,40,1,4
BRDA:269,41,0,1
BRDA:269,41,1,1
BRDA:269,42,0,2
BRDA:269,42,1,2
BRDA:299,43,0,0
BRDA:299,43,1,0
BRF:87
BRH:66
end_of_record
TN:
SF:/Users/vinokurovy/Development/regulations-site/regulations/static/regulations/js/source/models/definition-model.js
FNF:0
FNH:0
DA:2,1
DA:3,1
DA:4,1
DA:6,1
DA:8,1
DA:12,1
LF:6
LH:6
BRF:0
BRH:0
end_of_record
TN:
SF:/Users/vinokurovy/Development/regulations-site/regulations/static/regulations/js/source/models/meta-model.js
FN:11,(anonymous_1)
FN:34,(anonymous_2)
FN:58,(anonymous_3)
FN:66,(anonymous_4)
FN:74,(anonymous_5)
FN:82,(anonymous_6)
FN:91,(anonymous_7)
FN:99,(anonymous_8)
FN:105,(anonymous_9)
FN:111,(anonymous_10)
FNF:10
FNH:9
FNDA:13,(anonymous_1)
FNDA:19,(anonymous_2)
FNDA:24,(anonymous_3)
FNDA:2,(anonymous_4)
FNDA:1,(anonymous_5)
FNDA:1,(anonymous_6)
FNDA:3,(anonymous_7)
FNDA:3,(anonymous_8)
FNDA:0,(anonymous_9)
FNDA:13,(anonymous_10)
DA:2,1
DA:3,1
DA:4,1
DA:5,1
DA:6,1
DA:7,1
DA:9,1
DA:12,13
DA:14,13
DA:15,12
DA:16,13
DA:17,13
DA:24,13
DA:29,13
DA:31,13
DA:35,19
DA:38,19
DA:39,17
DA:40,15
DA:41,15
DA:43,15
DA:44,15
DA:48,2
DA:51,19
DA:59,24
DA:67,2
DA:71,2
DA:74,2
DA:75,1
DA:76,1
DA:80,2
DA:82,2
DA:83,1
DA:86,2
DA:92,3
DA:94,3
DA:96,3
DA:100,3
DA:103,3
DA:105,0
DA:108,3
DA:112,13
DA:115,13
DA:116,8
DA:119,5
DA:122,13
DA:123,8
DA:126,13
DA:128,13
DA:129,13
DA:132,13
DA:136,1
LF:52
LH:51
BRDA:14,1,0,12
BRDA:14,1,1,1
BRDA:16,2,0,13
BRDA:16,2,1,0
BRDA:24,3,0,13
BRDA:24,3,1,6
BRDA:29,4,0,13
BRDA:29,4,1,13
BRDA:38,5,0,17
BRDA:38,5,1,2
BRDA:38,6,0,19
BRDA:38,6,1,19
BRDA:39,7,0,15
BRDA:39,7,1,2
BRDA:43,8,0,15
BRDA:43,8,1,0
BRDA:59,9,0,4
BRDA:59,9,1,20
BRDA:71,10,0,1
BRDA:71,10,1,1
BRDA:75,11,0,1
BRDA:75,11,1,0
BRDA:115,12,0,8
BRDA:115,12,1,5
BRDA:122,13,0,8
BRDA:122,13,1,5
BRDA:128,14,0,13
BRDA:128,14,1,0
BRF:28
BRH:24
end_of_record
TN:
SF:/Users/vinokurovy/Development/regulations-site/regulations/static/regulations/js/source/resources.js
FNF:0
FNH:0
DA:6,1
LF:1
LH:1
BRF:0
BRH:0
end_of_record
TN:
SF:/Users/vinokurovy/Development/regulations-site/regulations/static/regulations/js/source/models/diff-model.js
FNF:0
FNH:0
DA:2,1
DA:3,1
DA:4,1
DA:6,1
DA:8,1
DA:12,1
LF:6
LH:6
BRF:0
BRH:0
end_of_record
TN:
SF:/Users/vinokurovy/Development/regulations-site/regulations/static/regulations/js/source/models/search-model.js
FN:11,(anonymous_1)
FNF:1
FNH:1
FNDA:2,(anonymous_1)
DA:2,1
DA:3,1
DA:4,1
DA:6,1
DA:8,1
DA:12,2
DA:15,2
DA:16,1
DA:19,1
DA:22,2
DA:23,2
DA:26,2
DA:28,2
DA:32,1
LF:14
LH:14
BRDA:15,1,0,1
BRDA:15,1,1,1
BRDA:22,2,0,2
BRDA:22,2,1,0
BRF:4
BRH:3
end_of_record
TN:
SF:/Users/vinokurovy/Development/regulations-site/regulations/static/regulations/js/source/models/sidebar-model.js
FNF:0
FNH:0
DA:2,1
DA:3,1
DA:4,1
DA:6,1
DA:8,1
DA:12,1
LF:6
LH:6
BRF:0
BRH:0
end_of_record
TN:
SF:/Users/vinokurovy/Development/regulations-site/regulations/static/regulations/js/source/models/sxs-model.js
FNF:0
FNH:0
DA:2,1
DA:3,1
DA:4,1
DA:6,1
DA:8,1
DA:12,1
LF:6
LH:6
BRF:0
BRH:0
end_of_record
TN:
SF:/Users/vinokurovy/Development/regulations-site/regulations/static/regulations/js/source/views/header/header-view.js
FN:11,(anonymous_1)
FN:19,(anonymous_2)
FN:28,(anonymous_3)
FN:36,(anonymous_4)
FNF:4
FNH:1
FNDA:1,(anonymous_1)
FNDA:0,(anonymous_2)
FNDA:0,(anonymous_3)
FNDA:0,(anonymous_4)
DA:2,1
DA:3,1
DA:4,1
DA:5,1
DA:6,1
DA:8,1
DA:12,1
DA:20,0
DA:21,0
DA:29,0
DA:30,0
DA:37,0
DA:44,1
LF:13
LH:8
BRDA:29,1,0,0
BRDA:29,1,1,0
BRF:2
BRH:0
end_of_record
TN:
SF:/Users/vinokurovy/Development/regulations-site/regulations/static/regulations/js/source/views/header/sub-head-view.js
FN:12,(anonymous_1)
FN:35,(anonymous_2)
FN:54,(anonymous_3)
FN:58,(anonymous_4)
FN:62,(anonymous_5)
FN:68,(anonymous_6)
FN:73,(anonymous_7)
FN:78,(anonymous_8)
FNF:8
FNH:7
FNDA:9,(anonymous_1)
FNDA:29,(anonymous_2)
FNDA:1,(anonymous_3)
FNDA:1,(anonymous_4)
FNDA:1,(anonymous_5)
FNDA:2,(anonymous_6)
FNDA:1,(anonymous_7)
FNDA:0,(anonymous_8)
DA:2,1
DA:3,1
DA:4,1
DA:5,1
DA:6,1
DA:7,1
DA:9,1
DA:13,9
DA:15,9
DA:16,9
DA:17,9
DA:18,9
DA:19,9
DA:20,9
DA:21,9
DA:22,9
DA:25,9
DA:28,9
DA:31,9
DA:36,29
DA:37,29
DA:39,29
DA:40,1
DA:46,1
DA:49,28
DA:55,1
DA:59,1
DA:63,1
DA:64,1
DA:65,1
DA:69,2
DA:70,2
DA:74,1
DA:75,1
DA:79,0
DA:83,1
LF:36
LH:35
BRDA:39,1,0,1
BRDA:39,1,1,28
BRF:2
BRH:2
end_of_record
TN:
SF:/Users/vinokurovy/Development/regulations-site/regulations/static/regulations/js/source/events/header-events.js
FNF:0
FNH:0
DA:2,1
DA:3,1
DA:4,1
DA:5,1
DA:7,1
DA:8,1
LF:6
LH:6
BRF:0
BRH:0
end_of_record
TN:
SF:/Users/vinokurovy/Development/regulations-site/regulations/static/regulations/js/source/views/main/diff-view.js
FN:15,(anonymous_1)
FN:34,(anonymous_2)
FN:42,(anonymous_3)
FNF:3
FNH:3
FNDA:3,(anonymous_1)
FNDA:1,(anonymous_2)
FNDA:4,(anonymous_3)
DA:2,1
DA:3,1
DA:4,1
DA:5,1
DA:6,1
DA:7,1
DA:8,1
DA:9,1
DA:10,1
DA:11,1
DA:12,1
DA:14,1
DA:16,3
DA:17,3
DA:18,3
DA:19,3
DA:21,3
DA:23,3
DA:25,3
DA:26,3
DA:28,3
DA:29,3
DA:35,1
DA:36,1
DA:37,1
DA:38,1
DA:43,4
DA:44,4
DA:45,4
DA:47,4
DA:52,1
LF:31
LH:31
BRDA:18,1,0,3
BRDA:18,1,1,3
BRDA:19,2,0,3
BRDA:19,2,1,3
BRDA:28,3,0,3
BRDA:28,3,1,0
BRF:6
BRH:5
end_of_record
TN:
SF:/Users/vinokurovy/Development/regulations-site/regulations/static/regulations/js/source/router.js
FN:12,(anonymous_1)
FN:13,(anonymous_2)
FN:14,(anonymous_3)
FN:27,(anonymous_4)
FN:39,(anonymous_5)
FN:51,(anonymous_6)
FN:59,(anonymous_7)
FN:73,(anonymous_8)
FNF:8
FNH:0
FNDA:0,(anonymous_1)
FNDA:0,(anonymous_2)
FNDA:0,(anonymous_3)
FNDA:0,(anonymous_4)
FNDA:0,(anonymous_5)
FNDA:0,(anonymous_6)
FNDA:0,(anonymous_7)
FNDA:0,(anonymous_8)
DA:2,1
DA:3,1
DA:4,1
DA:5,1
DA:6,1
DA:7,1
DA:9,1
DA:11,1
DA:12,0
DA:13,0
DA:14,0
DA:15,0
DA:19,1
DA:28,0
DA:31,0
DA:34,0
DA:36,0
DA:40,0
DA:42,0
DA:43,0
DA:44,0
DA:45,0
DA:46,0
DA:48,0
DA:52,0
DA:60,0
DA:66,0
DA:67,0
DA:70,0
DA:74,0
DA:76,0
DA:87,1
DA:88,1
LF:33
LH:11
BRDA:11,1,0,0
BRDA:11,1,1,1
BRDA:66,2,0,0
BRDA:66,2,1,0
BRDA:74,3,0,0
BRDA:74,3,1,0
BRF:6
BRH:1
end_of_record
TN:
SF:/Users/vinokurovy/Development/regulations-site/regulations/static/regulations/js/source/views/main/main-view.js
FN:27,(anonymous_1)
FN:112,(anonymous_2)
FN:170,(anonymous_3)
FN:180,(anonymous_4)
FN:185,(anonymous_5)
FN:200,(anonymous_6)
FN:228,(anonymous_7)
FN:234,(anonymous_8)
FNF:8
FNH:2
FNDA:3,(anonymous_1)
FNDA:0,(anonymous_2)
FNDA:5,(anonymous_3)
FNDA:0,(anonymous_4)
FNDA:0,(anonymous_5)
FNDA:0,(anonymous_6)
FNDA:0,(anonymous_7)
FNDA:0,(anonymous_8)
DA:2,1
DA:3,1
DA:4,1
DA:5,1
DA:6,1
DA:7,1
DA:8,1
DA:9,1
DA:10,1
DA:11,1
DA:12,1
DA:13,1
DA:14,1
DA:15,1
DA:16,1
DA:17,1
DA:18,1
DA:19,1
DA:20,1
DA:21,1
DA:22,1
DA:24,1
DA:28,3
DA:29,3
DA:31,3
DA:32,0
DA:33,0
DA:34,0
DA:35,0
DA:36,0
DA:39,3
DA:41,3
DA:44,3
DA:46,3
DA:48,3
DA:49,3
DA:51,0
DA:53,3
DA:54,3
DA:57,3
DA:58,3
DA:59,3
DA:61,3
DA:62,3
DA:64,1
DA:68,3
DA:69,0
DA:70,0
DA:71,0
DA:74,3
DA:75,0
DA:79,3
DA:81,3
DA:84,3
DA:85,3
DA:88,3
DA:90,3
DA:93,3
DA:114,0
DA:115,0
DA:116,0
DA:119,0
DA:122,0
DA:123,0
DA:128,0
DA:129,0
DA:132,0
DA:134,0
DA:137,0
DA:138,0
DA:139,0
DA:140,0
DA:141,0
DA:142,0
DA:143,0
DA:146,0
DA:147,0
DA:148,0
DA:149,0
DA:150,0
DA:155,0
DA:156,0
DA:159,0
DA:160,0
DA:162,0
DA:163,0
DA:164,0
DA:167,0
DA:171,5
DA:172,2
DA:174,3
DA:175,0
DA:177,3
DA:181,0
DA:182,0
DA:187,0
DA:190,0
DA:191,0
DA:193,0
DA:194,0
DA:196,0
DA:201,0
DA:203,0
DA:204,0
DA:207,0
DA:209,0
DA:211,0
DA:216,0
DA:217,0
DA:218,0
DA:219,0
DA:223,0
DA:225,0
DA:230,0
DA:235,0
DA:238,0
DA:241,1
LF:117
LH:53
BRDA:31,1,0,0
BRDA:31,1,1,3
BRDA:49,2,0,0
BRDA:49,2,1,3
BRDA:62,3,0,1
BRDA:62,3,1,2
BRDA:68,4,0,0
BRDA:68,4,1,3
BRDA:74,5,0,0
BRDA:74,5,1,3
BRDA:81,6,0,3
BRDA:81,6,1,0
BRDA:88,7,0,3
BRDA:88,7,1,0
BRDA:88,8,0,3
BRDA:88,8,1,3
BRDA:114,9,0,0
BRDA:114,9,1,0
BRDA:122,10,0,0
BRDA:122,10,1,0
BRDA:128,11,0,0
BRDA:128,11,1,0
BRDA:132,12,0,0
BRDA:132,12,1,0
BRDA:146,13,0,0
BRDA:146,13,1,0
BRDA:147,14,0,0
BRDA:147,14,1,0
BRDA:149,15,0,0
BRDA:149,15,1,0
BRDA:155,16,0,0
BRDA:155,16,1,0
BRDA:155,17,0,0
BRDA:155,17,1,0
BRDA:162,18,0,0
BRDA:162,18,1,0
BRDA:171,19,0,2
BRDA:171,19,1,3
BRDA:174,20,0,0
BRDA:174,20,1,3
BRDA:203,21,0,0
BRDA:203,21,1,0
BRDA:216,22,0,0
BRDA:216,22,1,0
BRDA:216,23,0,0
BRDA:216,23,1,0
BRDA:218,24,0,0
BRDA:218,24,1,0
BRDA:223,25,0,0
BRDA:223,25,1,0
BRF:50
BRH:13
end_of_record
TN:
SF:/Users/vinokurovy/Development/regulations-site/regulations/static/regulations/js/source/views/main/search-results-view.js
FN:19,(anonymous_1)
FN:45,(anonymous_2)
FN:49,(anonymous_3)
FN:61,(anonymous_4)
FN:77,(anonymous_5)
FN:90,(anonymous_6)
FNF:6
FNH:0
FNDA:0,(anonymous_1)
FNDA:0,(anonymous_2)
FNDA:0,(anonymous_3)
FNDA:0,(anonymous_4)
FNDA:0,(anonymous_5)
FNDA:0,(anonymous_6)
DA:2,1
DA:3,1
DA:4,1
DA:5,1
DA:6,1
DA:7,1
DA:8,1
DA:9,1
DA:10,1
DA:11,1
DA:13,1
DA:20,0
DA:23,0
DA:24,0
DA:25,0
DA:29,0
DA:30,0
DA:33,0
DA:36,0
DA:37,0
DA:38,0
DA:40,0
DA:46,0
DA:50,0
DA:51,0
DA:52,0
DA:54,0
DA:55,0
DA:58,0
DA:62,0
DA:65,0
DA:66,0
DA:67,0
DA:70,0
DA:71,0
DA:72,0
DA:78,0
DA:80,0
DA:87,0
DA:94,0
DA:95,0
DA:96,0
DA:99,0
DA:100,0
DA:101,0
DA:106,1
LF:46
LH:12
BRDA:24,1,0,0
BRDA:24,1,1,0
BRDA:29,2,0,0
BRDA:29,2,1,0
BRDA:36,3,0,0
BRDA:36,3,1,0
BRDA:54,4,0,0
BRDA:54,4,1,0
BRDA:65,5,0,0
BRDA:65,5,1,0
BRDA:70,6,0,0
BRDA:70,6,1,0
BRDA:71,7,0,0
BRDA:71,7,1,0
BRDA:80,8,0,0
BRDA:80,8,1,0
BRDA:94,9,0,0
BRDA:94,9,1,0
BRF:18
BRH:0
end_of_record
TN:
SF:/Users/vinokurovy/Development/regulations-site/regulations/static/regulations/js/source/events/main-events.js
FNF:0
FNH:0
DA:2,1
DA:3,1
DA:4,1
DA:5,1
DA:7,1
DA:8,1
LF:6
LH:6
BRF:0
BRH:0
end_of_record
TN:
SF:/Users/vinokurovy/Development/regulations-site/regulations/static/regulations/js/source/events/drawer-events.js
FNF:0
FNH:0
DA:2,1
DA:3,1
DA:4,1
DA:5,1
DA:7,1
DA:8,1
LF:6
LH:6
BRF:0
BRH:0
end_of_record
TN:
SF:/Users/vinokurovy/Development/regulations-site/regulations/static/regulations/js/source/views/main/child-view.js
FN:15,(anonymous_1)
FN:24,(anonymous_2)
FN:65,(anonymous_3)
FN:71,(anonymous_4)
FN:79,(anonymous_5)
FN:85,(anonymous_6)
FN:89,(anonymous_7)
FN:100,(anonymous_8)
FN:130,(anonymous_9)
FN:151,(anonymous_10)
FN:177,(anonymous_11)
FN:182,(anonymous_12)
FNF:12
FNH:4
FNDA:6,(anonymous_1)
FNDA:0,(anonymous_2)
FNDA:6,(anonymous_3)
FNDA:6,(anonymous_4)
FNDA:0,(anonymous_5)
FNDA:0,(anonymous_6)
FNDA:0,(anonymous_7)
FNDA:0,(anonymous_8)
FNDA:6,(anonymous_9)
FNDA:0,(anonymous_10)
FNDA:0,(anonymous_11)
FNDA:0,(anonymous_12)
DA:2,1
DA:3,1
DA:4,1
DA:5,1
DA:6,1
DA:7,1
DA:8,1
DA:9,1
DA:10,1
DA:11,1
DA:12,1
DA:14,1
DA:16,6
DA:18,6
DA:19,6
DA:20,6
DA:24,6
DA:25,0
DA:26,0
DA:27,0
DA:30,0
DA:31,0
DA:34,0
DA:36,0
DA:38,0
DA:39,0
DA:42,0
DA:47,6
DA:48,0
DA:50,6
DA:52,6
DA:54,6
DA:55,6
DA:58,6
DA:59,6
DA:60,6
DA:62,6
DA:66,6
DA:67,3
DA:72,6
DA:76,6
DA:80,0
DA:81,0
DA:82,0
DA:86,0
DA:90,0
DA:91,0
DA:92,0
DA:93,0
DA:101,0
DA:103,0
DA:104,0
DA:105,0
DA:106,0
DA:107,0
DA:109,0
DA:110,0
DA:112,0
DA:114,0
DA:121,0
DA:127,0
DA:131,6
DA:135,6
DA:138,6
DA:141,6
DA:144,6
DA:146,6
DA:147,0
DA:151,0
DA:152,0
DA:156,0
DA:157,0
DA:158,0
DA:159,0
DA:161,0
DA:162,0
DA:164,0
DA:167,0
DA:168,0
DA:169,0
DA:170,0
DA:172,0
DA:178,0
DA:179,0
DA:183,0
DA:184,0
DA:185,0
DA:186,0
DA:190,1
LF:89
LH:37
BRDA:25,1,0,0
BRDA:25,1,1,0
BRDA:26,2,0,0
BRDA:26,2,1,0
BRDA:30,3,0,0
BRDA:30,3,1,0
BRDA:47,4,0,0
BRDA:47,4,1,6
BRDA:50,5,0,6
BRDA:50,5,1,0
BRDA:58,6,0,6
BRDA:58,6,1,0
BRDA:66,7,0,3
BRDA:66,7,1,3
BRDA:104,8,0,0
BRDA:104,8,1,0
BRDA:105,9,0,0
BRDA:105,9,1,0
BRDA:105,10,0,0
BRDA:105,10,1,0
BRDA:112,11,0,0
BRDA:112,11,1,0
BRDA:112,12,0,0
BRDA:112,12,1,0
BRDA:135,13,0,6
BRDA:135,13,1,6
BRDA:144,14,0,6
BRDA:144,14,1,3
BRDA:151,15,0,0
BRDA:151,15,1,0
BRDA:151,16,0,0
BRDA:151,16,1,0
BRDA:156,17,0,0
BRDA:156,17,1,0
BRDA:156,18,0,0
BRDA:156,18,1,0
BRDA:161,19,0,0
BRDA:161,19,1,0
BRDA:167,20,0,0
BRDA:167,20,1,0
BRDA:169,21,0,0
BRDA:169,21,1,0
BRF:42
BRH:9
end_of_record
TN:
SF:/Users/vinokurovy/Development/regulations-site/regulations/static/regulations/js/source/events/scroll-stop.js
FN:12,(anonymous_1)
FN:18,(anonymous_2)
FN:29,(anonymous_3)
FN:36,(anonymous_4)
FN:43,(anonymous_5)
FN:49,(anonymous_6)
FN:57,(anonymous_7)
FN:66,(anonymous_8)
FNF:8
FNH:1
FNDA:0,(anonymous_1)
FNDA:0,(anonymous_2)
FNDA:0,(anonymous_3)
FNDA:0,(anonymous_4)
FNDA:1,(anonymous_5)
FNDA:0,(anonymous_6)
FNDA:0,(anonymous_7)
FNDA:0,(anonymous_8)
DA:3,1
DA:5,1
DA:7,1
DA:11,1
DA:13,0
DA:17,0
DA:19,0
DA:22,0
DA:23,0
DA:25,0
DA:26,0
DA:29,0
DA:30,0
DA:34,0
DA:37,0
DA:41,1
DA:44,1
DA:48,1
DA:50,0
DA:53,0
DA:54,0
DA:57,0
DA:58,0
DA:59,0
DA:60,0
DA:64,1
DA:67,0
LF:27
LH:8
BRDA:5,1,0,1
BRDA:5,1,1,0
BRDA:22,2,0,0
BRDA:22,2,1,0
BRDA:53,3,0,0
BRDA:53,3,1,0
BRF:6
BRH:1
end_of_record
TN:
SF:/Users/vinokurovy/Development/regulations-site/regulations/static/regulations/js/source/events/ga-events.js
FNF:0
FNH:0
DA:2,1
DA:3,1
DA:4,1
DA:5,1
DA:7,1
DA:8,1
LF:6
LH:6
BRF:0
BRH:0
end_of_record
TN:
SF:/Users/vinokurovy/Development/regulations-site/regulations/static/regulations/js/source/views/main/reg-view.js
FN:27,(anonymous_1)
FN:66,(anonymous_2)
FN:70,(anonymous_3)
FN:76,(anonymous_4)
FN:99,(anonymous_5)
FN:119,(anonymous_6)
FN:130,(anonymous_7)
FN:153,(anonymous_8)
FN:174,(anonymous_9)
FN:182,(anonymous_10)
FN:210,(anonymous_11)
FN:234,(anonymous_12)
FN:266,(anonymous_13)
FN:272,(anonymous_14)
FN:277,(anonymous_15)
FN:294,(anonymous_16)
FNF:16
FNH:4
FNDA:3,(anonymous_1)
FNDA:3,(anonymous_2)
FNDA:0,(anonymous_3)
FNDA:0,(anonymous_4)
FNDA:0,(anonymous_5)
FNDA:0,(anonymous_6)
FNDA:0,(anonymous_7)
FNDA:0,(anonymous_8)
FNDA:0,(anonymous_9)
FNDA:0,(anonymous_10)
FNDA:0,(anonymous_11)
FNDA:0,(anonymous_12)
FNDA:3,(anonymous_13)
FNDA:0,(anonymous_14)
FNDA:0,(anonymous_15)
FNDA:3,(anonymous_16)
DA:2,1
DA:3,1
DA:4,1
DA:5,1
DA:6,1
DA:7,1
DA:8,1
DA:9,1
DA:10,1
DA:11,1
DA:12,1
DA:13,1
DA:14,1
DA:15,1
DA:16,1
DA:17,1
DA:19,1
DA:28,3
DA:29,3
DA:31,3
DA:32,3
DA:33,3
DA:35,3
DA:37,3
DA:38,3
DA:39,3
DA:40,3
DA:41,3
DA:42,3
DA:43,3
DA:44,3
DA:46,3
DA:47,1
DA:50,3
DA:52,3
DA:53,0
DA:54,0
DA:55,0
DA:56,0
DA:59,3
DA:61,3
DA:67,3
DA:71,0
DA:73,0
DA:77,0
DA:83,0
DA:84,0
DA:87,0
DA:88,0
DA:89,0
DA:91,0
DA:92,0
DA:95,0
DA:100,0
DA:101,0
DA:102,0
DA:103,0
DA:105,0
DA:106,0
DA:111,0
DA:114,0
DA:120,0
DA:126,0
DA:127,0
DA:128,0
DA:130,0
DA:131,0
DA:133,0
DA:137,0
DA:138,0
DA:139,0
DA:142,0
DA:146,0
DA:147,0
DA:154,0
DA:158,0
DA:159,0
DA:160,0
DA:163,0
DA:164,0
DA:166,0
DA:169,0
DA:175,0
DA:177,0
DA:179,0
DA:184,0
DA:185,0
DA:189,0
DA:190,0
DA:196,0
DA:197,0
DA:201,0
DA:211,0
DA:213,0
DA:218,0
DA:219,0
DA:220,0
DA:224,0
DA:227,0
DA:230,0
DA:237,0
DA:238,0
DA:239,0
DA:249,0
DA:251,0
DA:252,0
DA:253,0
DA:255,0
DA:256,0
DA:259,0
DA:262,0
DA:267,3
DA:273,0
DA:274,0
DA:278,0
DA:280,0
DA:284,0
DA:286,0
DA:296,3
DA:297,3
DA:301,1
LF:121
LH:42
BRDA:46,1,0,1
BRDA:46,1,1,2
BRDA:52,2,0,0
BRDA:52,2,1,3
BRDA:78,3,0,0
BRDA:78,3,1,0
BRDA:83,4,0,0
BRDA:83,4,1,0
BRDA:87,5,0,0
BRDA:87,5,1,0
BRDA:91,6,0,0
BRDA:91,6,1,0
BRDA:101,7,0,0
BRDA:101,7,1,0
BRDA:102,8,0,0
BRDA:102,8,1,0
BRDA:105,9,0,0
BRDA:105,9,1,0
BRDA:126,10,0,0
BRDA:126,10,1,0
BRDA:126,11,0,0
BRDA:126,11,1,0
BRDA:126,11,2,0
BRDA:127,12,0,0
BRDA:127,12,1,0
BRDA:133,13,0,0
BRDA:133,13,1,0
BRDA:133,14,0,0
BRDA:133,14,1,0
BRDA:137,15,0,0
BRDA:137,15,1,0
BRDA:146,16,0,0
BRDA:146,16,1,0
BRDA:158,17,0,0
BRDA:158,17,1,0
BRDA:159,18,0,0
BRDA:159,18,1,0
BRDA:184,19,0,0
BRDA:184,19,1,0
BRDA:218,20,0,0
BRDA:218,20,1,0
BRDA:253,21,0,0
BRDA:253,21,1,0
BRDA:255,22,0,0
BRDA:255,22,1,0
BRF:45
BRH:3
end_of_record
TN:
SF:/Users/vinokurovy/Development/regulations-site/regulations/static/regulations/js/source/views/sidebar/definition-view.js
FN:29,(anonymous_1)
FN:60,(anonymous_2)
FN:64,(anonymous_3)
FN:68,(anonymous_4)
FN:75,(anonymous_5)
FN:88,(anonymous_6)
FN:94,(anonymous_7)
FN:103,(anonymous_8)
FN:115,(anonymous_9)
FN:124,(anonymous_10)
FN:151,(anonymous_11)
FN:158,(anonymous_12)
FN:173,(anonymous_13)
FN:189,(anonymous_14)
FNF:14
FNH:7
FNDA:6,(anonymous_1)
FNDA:8,(anonymous_2)
FNDA:3,(anonymous_3)
FNDA:1,(anonymous_4)
FNDA:1,(anonymous_5)
FNDA:0,(anonymous_6)
FNDA:0,(anonymous_7)
FNDA:1,(anonymous_8)
FNDA:0,(anonymous_9)
FNDA:0,(anonymous_10)
FNDA:0,(anonymous_11)
FNDA:0,(anonymous_12)
FNDA:0,(anonymous_13)
FNDA:1,(anonymous_14)
DA:2,1
DA:3,1
DA:4,1
DA:5,1
DA:6,1
DA:7,1
DA:8,1
DA:9,1
DA:10,1
DA:11,1
DA:12,1
DA:21,1
DA:30,6
DA:31,6
DA:32,6
DA:33,6
DA:34,6
DA:36,6
DA:37,0
DA:40,6
DA:41,0
DA:42,0
DA:47,6
DA:51,6
DA:52,0
DA:53,0
DA:54,0
DA:55,0
DA:61,8
DA:65,3
DA:69,1
DA:70,1
DA:71,1
DA:72,1
DA:76,1
DA:78,1
DA:80,1
DA:81,1
DA:85,1
DA:89,0
DA:91,0
DA:96,0
DA:104,1
DA:105,1
DA:106,1
DA:108,1
DA:110,1
DA:116,0
DA:117,0
DA:120,0
DA:125,0
DA:130,0
DA:131,0
DA:134,0
DA:135,0
DA:136,0
DA:137,0
DA:140,0
DA:143,0
DA:146,0
DA:152,0
DA:153,0
DA:155,0
DA:159,0
DA:160,0
DA:163,0
DA:167,0
DA:174,0
DA:175,0
DA:179,0
DA:183,0
DA:190,1
DA:191,1
DA:192,1
DA:194,1
DA:198,1
LF:76
LH:42
BRDA:36,1,0,0
BRDA:36,1,1,6
BRDA:40,2,0,0
BRDA:40,2,1,6
BRDA:51,3,0,0
BRDA:51,3,1,6
BRDA:105,4,0,1
BRDA:105,4,1,0
BRDA:108,5,0,1
BRDA:108,5,1,1
BRDA:116,6,0,0
BRDA:116,6,1,0
BRDA:116,7,0,0
BRDA:116,7,1,0
BRDA:130,8,0,0
BRDA:130,8,1,0
BRDA:135,9,0,0
BRDA:135,9,1,0
BRDA:160,10,0,0
BRDA:160,10,1,0
BRF:20
BRH:6
end_of_record
TN:
SF:/Users/vinokurovy/Development/regulations-site/regulations/static/regulations/js/source/views/sidebar/sidebar-module-view.js
FN:9,(anonymous_1)
FN:24,(anonymous_2)
FNF:2
FNH:2
FNDA:2,(anonymous_1)
FNDA:1,(anonymous_2)
DA:2,1
DA:3,1
DA:4,1
DA:5,1
DA:6,1
DA:8,1
DA:10,2
DA:11,2
DA:13,2
DA:14,0
DA:15,0
DA:19,2
DA:21,2
DA:25,1
DA:29,1
LF:15
LH:13
BRDA:14,1,0,0
BRDA:14,1,1,0
BRF:2
BRH:0
end_of_record
TN:
SF:/Users/vinokurovy/Development/regulations-site/regulations/static/regulations/js/source/models/reg-model.js
FN:39,(anonymous_1)
FN:60,(anonymous_2)
FNF:2
FNH:0
FNDA:0,(anonymous_1)
FNDA:0,(anonymous_2)
DA:22,1
DA:23,1
DA:24,1
DA:25,1
DA:26,1
DA:27,1
DA:30,1
DA:40,0
DA:44,0
DA:45,0
DA:46,0
DA:50,0
DA:61,0
DA:62,0
DA:63,0
DA:64,0
DA:66,0
DA:67,0
DA:70,0
DA:74,1
DA:76,1
LF:21
LH:9
BRDA:45,1,0,0
BRDA:45,1,1,0
BRDA:66,2,0,0
BRDA:66,2,1,0
BRF:4
BRH:0
end_of_record
TN:
SF:/Users/vinokurovy/Development/regulations-site/regulations/static/regulations/js/source/events/sidebar-events.js
FNF:0
FNH:0
DA:2,1
DA:3,1
DA:4,1
DA:5,1
DA:7,1
DA:8,1
LF:6
LH:6
BRF:0
BRH:0
end_of_record
TN:
SF:/Users/vinokurovy/Development/regulations-site/regulations/static/regulations/js/source/views/main/section-footer-view.js
FN:14,(anonymous_1)
FN:22,(anonymous_2)
FN:29,(anonymous_3)
FNF:3
FNH:3
FNDA:6,(anonymous_1)
FNDA:1,(anonymous_2)
FNDA:1,(anonymous_3)
DA:2,1
DA:3,1
DA:4,1
DA:5,1
DA:6,1
DA:7,1
DA:9,1
DA:17,6
DA:18,0
DA:23,1
DA:24,1
DA:26,1
DA:30,1
DA:31,1
DA:35,1
LF:15
LH:14
BRDA:17,1,0,0
BRDA:17,1,1,6
BRDA:17,2,0,6
BRDA:17,2,1,6
BRF:4
BRH:3
end_of_record
TN:
SF:/Users/vinokurovy/Development/regulations-site/regulations/static/regulations/js/source/events/breakaway-events.js
FNF:0
FNH:0
DA:2,1
DA:3,1
DA:4,1
DA:5,1
DA:7,1
DA:8,1
LF:6
LH:6
BRF:0
BRH:0
end_of_record
TN:
SF:/Users/vinokurovy/Development/regulations-site/regulations/static/regulations/js/source/views/sidebar/help-view.js
FNF:0
FNH:0
DA:2,1
DA:3,1
DA:4,1
DA:5,1
DA:7,1
DA:11,1
LF:6
LH:6
BRF:0
BRH:0
end_of_record
TN:
SF:/Users/vinokurovy/Development/regulations-site/regulations/static/regulations/js/source/views/sidebar/sidebar-list-view.js
FNF:0
FNH:0
DA:2,1
DA:3,1
DA:4,1
DA:5,1
DA:7,1
DA:10,1
LF:6
LH:6
BRF:0
BRH:0
end_of_record
TN:
SF:/Users/vinokurovy/Development/regulations-site/regulations/static/regulations/js/source/views/sidebar/sidebar-view.js
FN:26,(anonymous_1)
FN:43,(anonymous_2)
FN:44,(anonymous_3)
FN:68,(anonymous_4)
FN:74,(anonymous_5)
FN:102,(anonymous_6)
FN:121,(anonymous_7)
FN:125,(anonymous_8)
FN:136,(anonymous_9)
FN:140,(anonymous_10)
FN:144,(anonymous_11)
FN:157,(anonymous_12)
FN:158,(anonymous_13)
FN:166,(anonymous_14)
FN:179,(anonymous_15)
FN:190,(anonymous_16)
FN:194,(anonymous_17)
FN:199,(anonymous_18)
FNF:18
FNH:5
FNDA:1,(anonymous_1)
FNDA:0,(anonymous_2)
FNDA:0,(anonymous_3)
FNDA:0,(anonymous_4)
FNDA:0,(anonymous_5)
FNDA:1,(anonymous_6)
FNDA:0,(anonymous_7)
FNDA:1,(anonymous_8)
FNDA:0,(anonymous_9)
FNDA:0,(anonymous_10)
FNDA:0,(anonymous_11)
FNDA:0,(anonymous_12)
FNDA:0,(anonymous_13)
FNDA:0,(anonymous_14)
FNDA:1,(anonymous_15)
FNDA:0,(anonymous_16)
FNDA:1,(anonymous_17)
FNDA:0,(anonymous_18)
DA:2,1
DA:3,1
DA:4,1
DA:5,1
DA:6,1
DA:7,1
DA:8,1
DA:9,1
DA:10,1
DA:11,1
DA:12,1
DA:13,1
DA:14,1
DA:15,1
DA:17,1
DA:19,1
DA:27,1
DA:28,1
DA:29,1
DA:30,1
DA:31,1
DA:32,1
DA:33,1
DA:34,1
DA:36,1
DA:37,1
DA:39,1
DA:40,1
DA:44,0
DA:45,0
DA:47,0
DA:48,0
DA:51,0
DA:52,0
DA:54,0
DA:58,0
DA:63,0
DA:65,0
DA:69,0
DA:70,0
DA:75,0
DA:76,0
DA:78,0
DA:79,0
DA:82,0
DA:83,0
DA:86,0
DA:88,0
DA:89,0
DA:90,0
DA:92,0
DA:93,0
DA:95,0
DA:96,0
DA:99,0
DA:104,1
DA:106,1
DA:108,0
DA:111,1
DA:115,1
DA:116,1
DA:118,1
DA:122,0
DA:126,1
DA:127,1
DA:130,1
DA:131,1
DA:137,0
DA:141,0
DA:145,0
DA:147,0
DA:150,0
DA:151,0
DA:154,0
DA:158,0
DA:159,0
DA:160,0
DA:161,0
DA:167,0
DA:169,0
DA:170,0
DA:171,0
DA:174,0
DA:176,0
DA:180,1
DA:181,1
DA:182,0
DA:183,0
DA:184,0
DA:191,0
DA:195,1
DA:200,0
DA:204,1
LF:93
LH:42
BRDA:47,1,0,0
BRDA:47,1,1,0
BRDA:63,2,0,0
BRDA:63,2,1,0
BRDA:69,3,0,0
BRDA:69,3,1,0
BRDA:75,4,0,0
BRDA:75,4,1,0
BRDA:76,5,0,0
BRDA:76,5,1,0
BRDA:76,5,2,0
BRDA:76,5,3,0
BRDA:82,6,0,0
BRDA:82,6,1,0
BRDA:106,7,0,0
BRDA:106,7,1,1
BRDA:126,8,0,1
BRDA:126,8,1,0
BRDA:130,9,0,1
BRDA:130,9,1,0
BRDA:147,10,0,0
BRDA:147,10,1,0
BRDA:160,11,0,0
BRDA:160,11,1,0
BRDA:169,12,0,0
BRDA:169,12,1,0
BRDA:182,13,0,0
BRDA:182,13,1,0
BRDA:183,14,0,0
BRDA:183,14,1,0
BRDA:183,15,0,0
BRDA:183,15,1,0
BRF:32
BRH:3
end_of_record
TN:
SF:/Users/vinokurovy/Development/regulations-site/regulations/static/regulations/js/source/views/sidebar/sxs-list-view.js
FN:21,(anonymous_1)
FN:32,(anonymous_2)
FN:54,(anonymous_3)
FN:62,(anonymous_4)
FN:71,(anonymous_5)
FN:75,(anonymous_6)
FNF:6
FNH:2
FNDA:2,(anonymous_1)
FNDA:0,(anonymous_2)
FNDA:0,(anonymous_3)
FNDA:2,(anonymous_4)
FNDA:0,(anonymous_5)
FNDA:0,(anonymous_6)
DA:2,1
DA:3,1
DA:4,1
DA:5,1
DA:6,1
DA:7,1
DA:8,1
DA:9,1
DA:10,1
DA:12,1
DA:14,1
DA:22,2
DA:23,2
DA:27,2
DA:28,0
DA:33,0
DA:35,0
DA:40,0
DA:46,0
DA:55,0
DA:57,0
DA:59,0
DA:63,2
DA:64,2
DA:65,0
DA:67,0
DA:72,0
DA:76,0
DA:81,1
LF:29
LH:17
BRDA:27,1,0,0
BRDA:27,1,1,2
BRDA:64,2,0,0
BRDA:64,2,1,2
BRF:4
BRH:2
end_of_record
TN:
SF:/Users/vinokurovy/Development/regulations-site/regulations/static/regulations/js/source/views/breakaway/breakaway-view.js
FN:15,(anonymous_1)
FN:20,(anonymous_2)
FN:33,(anonymous_3)
FNF:3
FNH:1
FNDA:1,(anonymous_1)
FNDA:0,(anonymous_2)
FNDA:0,(anonymous_3)
DA:2,1
DA:3,1
DA:4,1
DA:5,1
DA:6,1
DA:7,1
DA:8,1
DA:9,1
DA:10,1
DA:12,1
DA:16,1
DA:17,1
DA:21,0
DA:23,0
DA:25,0
DA:26,0
DA:29,0
DA:30,0
DA:34,0
DA:35,0
DA:39,1
DA:40,1
LF:22
LH:14
BRDA:25,1,0,0
BRDA:25,1,1,0
BRF:2
BRH:0
end_of_record
TN:
SF:/Users/vinokurovy/Development/regulations-site/regulations/static/regulations/js/source/views/breakaway/sxs-view.js
FN:21,(anonymous_1)
FN:33,(anonymous_2)
FN:54,(anonymous_3)
FN:58,(anonymous_4)
FN:65,(anonymous_5)
FN:73,(anonymous_6)
FN:77,(anonymous_7)
FNF:7
FNH:0
FNDA:0,(anonymous_1)
FNDA:0,(anonymous_2)
FNDA:0,(anonymous_3)
FNDA:0,(anonymous_4)
FNDA:0,(anonymous_5)
FNDA:0,(anonymous_6)
FNDA:0,(anonymous_7)
DA:2,1
DA:3,1
DA:4,1
DA:5,1
DA:6,1
DA:7,1
DA:8,1
DA:9,1
DA:10,1
DA:12,1
DA:22,0
DA:23,0
DA:26,0
DA:29,0
DA:33,0
DA:34,0
DA:35,0
DA:36,0
DA:39,0
DA:43,0
DA:49,0
DA:50,0
DA:55,0
DA:60,0
DA:61,0
DA:62,0
DA:66,0
DA:68,0
DA:70,0
DA:74,0
DA:78,0
DA:79,0
DA:80,0
DA:83,0
DA:84,0
DA:85,0
DA:86,0
DA:87,0
DA:91,1
LF:39
LH:11
BRDA:35,1,0,0
BRDA:35,1,1,0
BRDA:49,2,0,0
BRDA:49,2,1,0
BRDA:78,3,0,0
BRDA:78,3,1,0
BRF:6
BRH:0
end_of_record
